[2021-02-16 04:19:50.026] [renderer1] [error] [File Watcher (node.js)] Error: ENOENT: no such file or directory, stat '/home/fivezerotwo/.vscode'
[2021-02-16 04:19:52.898] [renderer1] [error] ENOENT: no such file or directory, open '/home/fivezerotwo/.config/Code - OSS/User/globalStorage/vscodevim.vim/.registers': Error: ENOENT: no such file or directory, open '/home/fivezerotwo/.config/Code - OSS/User/globalStorage/vscodevim.vim/.registers'
[2021-02-16 04:19:52.902] [renderer1] [error] Command failed: rustup toolchain list
/bin/sh: line 1: rustup: command not found
: Error: Command failed: rustup toolchain list
/bin/sh: line 1: rustup: command not found

	at ChildProcess.exithandler (child_process.js:312:12)
	at ChildProcess.emit (events.js:315:20)
	at maybeClose (internal/child_process.js:1021:16)
	at Socket.<anonymous> (internal/child_process.js:443:11)
	at Socket.emit (events.js:315:20)
	at Pipe.<anonymous> (net.js:674:12)
[2021-02-16 04:20:18.091] [renderer1] [error] [ms-python.python]: Proposed API is only available when running out of dev or with the following command line switch: --enable-proposed-api ms-python.python: Error: [ms-python.python]: Proposed API is only available when running out of dev or with the following command line switch: --enable-proposed-api ms-python.python
	at f (/usr/lib/code/out/vs/workbench/services/extensions/node/extensionHostProcess.js:86:59270)
	at Object.v [as checkProposedApiEnabled] (/usr/lib/code/out/vs/workbench/services/extensions/node/extensionHostProcess.js:86:59217)
	at Object.get activeNotebookEditor [as activeNotebookEditor] (/usr/lib/code/out/vs/workbench/services/extensions/node/extensionHostProcess.js:94:39089)
	at u.get activeNotebookEditor [as activeNotebookEditor] (/home/fivezerotwo/.vscode-oss/extensions/ms-python.python-2020.10.332292344/out/client/extension.js:56:1203223)
	at g.provideCodeLenses (/home/fivezerotwo/.vscode-oss/extensions/ms-python.python-2020.10.332292344/out/client/extension.js:56:229657)
	at l.provideCodeLenses (/usr/lib/code/out/vs/workbench/services/extensions/node/extensionHostProcess.js:86:138899)
	at /usr/lib/code/out/vs/workbench/services/extensions/node/extensionHostProcess.js:86:161293
	at we._withAdapter (/usr/lib/code/out/vs/workbench/services/extensions/node/extensionHostProcess.js:86:159898)
	at we.$provideCodeLenses (/usr/lib/code/out/vs/workbench/services/extensions/node/extensionHostProcess.js:86:161271)
	at p._doInvokeHandler (/usr/lib/code/out/vs/workbench/services/extensions/node/extensionHostProcess.js:89:10276)
	at p._invokeHandler (/usr/lib/code/out/vs/workbench/services/extensions/node/extensionHostProcess.js:89:9968)
	at p._receiveRequest (/usr/lib/code/out/vs/workbench/services/extensions/node/extensionHostProcess.js:89:8587)
	at p._receiveOneMessage (/usr/lib/code/out/vs/workbench/services/extensions/node/extensionHostProcess.js:89:7440)
	at /usr/lib/code/out/vs/workbench/services/extensions/node/extensionHostProcess.js:89:5568
	at v.fire (/usr/lib/code/out/vs/workbench/services/extensions/node/extensionHostProcess.js:55:1836)
	at d.fire (/usr/lib/code/out/vs/workbench/services/extensions/node/extensionHostProcess.js:63:15515)
	at /usr/lib/code/out/vs/workbench/services/extensions/node/extensionHostProcess.js:104:29104
	at v.fire (/usr/lib/code/out/vs/workbench/services/extensions/node/extensionHostProcess.js:55:1836)
	at d.fire (/usr/lib/code/out/vs/workbench/services/extensions/node/extensionHostProcess.js:63:15515)
	at t._receiveMessage (/usr/lib/code/out/vs/workbench/services/extensions/node/extensionHostProcess.js:63:20765)
	at /usr/lib/code/out/vs/workbench/services/extensions/node/extensionHostProcess.js:63:17659
	at v.fire (/usr/lib/code/out/vs/workbench/services/extensions/node/extensionHostProcess.js:55:1836)
	at u.acceptChunk (/usr/lib/code/out/vs/workbench/services/extensions/node/extensionHostProcess.js:63:12880)
	at /usr/lib/code/out/vs/workbench/services/extensions/node/extensionHostProcess.js:63:12228
	at Socket.m (/usr/lib/code/out/vs/workbench/services/extensions/node/extensionHostProcess.js:104:12375)
	at Socket.emit (events.js:315:20)
	at addChunk (_stream_readable.js:295:12)
	at readableAddChunk (_stream_readable.js:271:9)
	at Socket.Readable.push (_stream_readable.js:212:10)
	at Pipe.onStreamRead (internal/stream_base_commons.js:186:23)
[2021-02-16 04:20:44.140] [renderer1] [error] EACCES: permission denied, open '/usr/lib/code/extensions/rust/package.json': Error: EACCES: permission denied, open '/usr/lib/code/extensions/rust/package.json'
[2021-02-16 04:20:45.054] [renderer1] [warning] [File Watcher (chokidar)] Error: Circular symlink detected: "/home/fivezerotwo/.wine/dosdevices/z:/proc/19091/cwd" points to "/home/fivezerotwo"
[2021-02-16 04:20:45.056] [renderer1] [warning] [File Watcher (chokidar)] Error: Circular symlink detected: "/home/fivezerotwo/.wine/dosdevices/z:/proc/19147/cwd" points to "/home/fivezerotwo"
[2021-02-16 04:20:45.056] [renderer1] [warning] [File Watcher (chokidar)] Error: Circular symlink detected: "/home/fivezerotwo/.wine/dosdevices/z:/proc/19155/cwd" points to "/home/fivezerotwo"
[2021-02-16 04:20:45.063] [renderer1] [warning] [File Watcher (chokidar)] Error: Circular symlink detected: "/home/fivezerotwo/.wine/dosdevices/z:/proc/20646/cwd" points to "/home/fivezerotwo"
[2021-02-16 04:20:45.067] [renderer1] [warning] [File Watcher (chokidar)] Error: Circular symlink detected: "/home/fivezerotwo/.wine/dosdevices/z:/proc/2164/cwd" points to "/home/fivezerotwo"
[2021-02-16 04:20:45.068] [renderer1] [warning] [File Watcher (chokidar)] Error: Circular symlink detected: "/home/fivezerotwo/.wine/dosdevices/z:/proc/2168/cwd" points to "/home/fivezerotwo"
[2021-02-16 04:20:45.086] [renderer1] [warning] [File Watcher (chokidar)] Error: Circular symlink detected: "/home/fivezerotwo/.wine/dosdevices/z:/proc/24745/cwd" points to "/home/fivezerotwo"
[2021-02-16 04:20:45.086] [renderer1] [warning] [File Watcher (chokidar)] Error: Circular symlink detected: "/home/fivezerotwo/.wine/dosdevices/z:/proc/24747/cwd" points to "/home/fivezerotwo"
[2021-02-16 04:20:45.086] [renderer1] [warning] [File Watcher (chokidar)] Error: Circular symlink detected: "/home/fivezerotwo/.wine/dosdevices/z:/proc/24748/cwd" points to "/home/fivezerotwo"
[2021-02-16 04:20:45.087] [renderer1] [warning] [File Watcher (chokidar)] Error: Circular symlink detected: "/home/fivezerotwo/.wine/dosdevices/z:/proc/24770/cwd" points to "/home/fivezerotwo"
[2021-02-16 04:20:45.087] [renderer1] [warning] [File Watcher (chokidar)] Error: Circular symlink detected: "/home/fivezerotwo/.wine/dosdevices/z:/proc/24777/cwd" points to "/home/fivezerotwo"
[2021-02-16 04:20:45.088] [renderer1] [warning] [File Watcher (chokidar)] Error: Circular symlink detected: "/home/fivezerotwo/.wine/dosdevices/z:/proc/24796/cwd" points to "/home/fivezerotwo"
[2021-02-16 04:20:45.088] [renderer1] [warning] [File Watcher (chokidar)] Error: Circular symlink detected: "/home/fivezerotwo/.wine/dosdevices/z:/proc/24819/cwd" points to "/home/fivezerotwo"
[2021-02-16 04:20:45.088] [renderer1] [warning] [File Watcher (chokidar)] Error: Circular symlink detected: "/home/fivezerotwo/.wine/dosdevices/z:/proc/24851/cwd" points to "/home/fivezerotwo"
[2021-02-16 04:20:45.089] [renderer1] [warning] [File Watcher (chokidar)] Error: Circular symlink detected: "/home/fivezerotwo/.wine/dosdevices/z:/proc/24876/cwd" points to "/home/fivezerotwo"
[2021-02-16 04:20:45.089] [renderer1] [warning] [File Watcher (chokidar)] Error: Circular symlink detected: "/home/fivezerotwo/.wine/dosdevices/z:/proc/24916/cwd" points to "/home/fivezerotwo"
[2021-02-16 04:20:45.090] [renderer1] [warning] [File Watcher (chokidar)] Error: Circular symlink detected: "/home/fivezerotwo/.wine/dosdevices/z:/proc/24942/cwd" points to "/home/fivezerotwo"
[2021-02-16 04:20:45.091] [renderer1] [warning] [File Watcher (chokidar)] Error: Circular symlink detected: "/home/fivezerotwo/.wine/dosdevices/z:/proc/24954/cwd" points to "/home/fivezerotwo"
[2021-02-16 04:20:45.092] [renderer1] [warning] [File Watcher (chokidar)] Error: Circular symlink detected: "/home/fivezerotwo/.wine/dosdevices/z:/proc/25246/cwd" points to "/home/fivezerotwo"
[2021-02-16 04:20:45.093] [renderer1] [warning] [File Watcher (chokidar)] Error: Circular symlink detected: "/home/fivezerotwo/.wine/dosdevices/z:/proc/25248/cwd" points to "/home/fivezerotwo"
[2021-02-16 04:20:45.099] [renderer1] [warning] [File Watcher (chokidar)] Error: Circular symlink detected: "/home/fivezerotwo/.wine/dosdevices/z:/proc/2549/cwd" points to "/home/fivezerotwo"
[2021-02-16 04:20:45.112] [renderer1] [warning] [File Watcher (chokidar)] Error: Circular symlink detected: "/home/fivezerotwo/.wine/dosdevices/z:/proc/2650/cwd" points to "/home/fivezerotwo"
[2021-02-16 04:20:45.122] [renderer1] [warning] [File Watcher (chokidar)] Error: Circular symlink detected: "/home/fivezerotwo/.wine/dosdevices/z:/proc/3805/cwd" points to "/home/fivezerotwo"
[2021-02-16 04:20:45.124] [renderer1] [warning] [File Watcher (chokidar)] Error: Circular symlink detected: "/home/fivezerotwo/.wine/dosdevices/z:/proc/7715/cwd" points to "/home/fivezerotwo"
[2021-02-16 04:20:45.124] [renderer1] [warning] [File Watcher (chokidar)] Error: Circular symlink detected: "/home/fivezerotwo/.wine/dosdevices/z:/proc/7722/cwd" points to "/home/fivezerotwo"
[2021-02-16 04:20:45.125] [renderer1] [warning] [File Watcher (chokidar)] Error: Circular symlink detected: "/home/fivezerotwo/.wine/dosdevices/z:/proc/7727/cwd" points to "/home/fivezerotwo"
