[2021-02-17 02:57:27.565] [renderer1] [error] [File Watcher (node.js)] Error: ENOENT: no such file or directory, stat '/home/fivezerotwo/.vscode'
[2021-02-17 02:57:29.417] [renderer1] [error] ENOENT: no such file or directory, open '/home/fivezerotwo/.config/Code - OSS/User/globalStorage/vscodevim.vim/.registers': Error: ENOENT: no such file or directory, open '/home/fivezerotwo/.config/Code - OSS/User/globalStorage/vscodevim.vim/.registers'
[2021-02-17 02:58:04.491] [renderer1] [warning] [File Watcher (chokidar)] Error: Circular symlink detected: "/home/fivezerotwo/.wine/dosdevices/z:/proc/2154/cwd" points to "/home/fivezerotwo"
[2021-02-17 02:58:04.491] [renderer1] [warning] [File Watcher (chokidar)] Error: Circular symlink detected: "/home/fivezerotwo/.wine/dosdevices/z:/proc/2158/cwd" points to "/home/fivezerotwo"
[2021-02-17 02:58:04.491] [renderer1] [warning] [File Watcher (chokidar)] Error: Circular symlink detected: "/home/fivezerotwo/.wine/dosdevices/z:/proc/2308/cwd" points to "/home/fivezerotwo"
[2021-02-17 02:58:04.492] [renderer1] [warning] [File Watcher (chokidar)] Error: Circular symlink detected: "/home/fivezerotwo/.wine/dosdevices/z:/proc/2364/cwd" points to "/home/fivezerotwo"
[2021-02-17 02:58:04.492] [renderer1] [warning] [File Watcher (chokidar)] Error: Circular symlink detected: "/home/fivezerotwo/.wine/dosdevices/z:/proc/2369/cwd" points to "/home/fivezerotwo"
[2021-02-17 02:58:04.494] [renderer1] [warning] [File Watcher (chokidar)] Error: Circular symlink detected: "/home/fivezerotwo/.wine/dosdevices/z:/proc/2436/cwd" points to "/home/fivezerotwo"
[2021-02-17 02:58:04.496] [renderer1] [warning] [File Watcher (chokidar)] Error: Circular symlink detected: "/home/fivezerotwo/.wine/dosdevices/z:/proc/25011/cwd" points to "/home/fivezerotwo"
[2021-02-17 02:58:04.497] [renderer1] [warning] [File Watcher (chokidar)] Error: Circular symlink detected: "/home/fivezerotwo/.wine/dosdevices/z:/proc/2538/cwd" points to "/home/fivezerotwo"
[2021-02-17 02:58:04.501] [renderer1] [warning] [File Watcher (chokidar)] Error: Circular symlink detected: "/home/fivezerotwo/.wine/dosdevices/z:/proc/26463/cwd" points to "/home/fivezerotwo"
[2021-02-17 02:58:04.503] [renderer1] [warning] [File Watcher (chokidar)] Error: Circular symlink detected: "/home/fivezerotwo/.wine/dosdevices/z:/proc/26466/cwd" points to "/home/fivezerotwo"
[2021-02-17 02:58:04.503] [renderer1] [warning] [File Watcher (chokidar)] Error: Circular symlink detected: "/home/fivezerotwo/.wine/dosdevices/z:/proc/26489/cwd" points to "/home/fivezerotwo"
[2021-02-17 02:58:04.504] [renderer1] [warning] [File Watcher (chokidar)] Error: Circular symlink detected: "/home/fivezerotwo/.wine/dosdevices/z:/proc/26465/cwd" points to "/home/fivezerotwo"
[2021-02-17 02:58:04.504] [renderer1] [warning] [File Watcher (chokidar)] Error: Circular symlink detected: "/home/fivezerotwo/.wine/dosdevices/z:/proc/26510/cwd" points to "/home/fivezerotwo"
[2021-02-17 02:58:04.505] [renderer1] [warning] [File Watcher (chokidar)] Error: Circular symlink detected: "/home/fivezerotwo/.wine/dosdevices/z:/proc/26597/cwd" points to "/home/fivezerotwo"
[2021-02-17 02:58:04.505] [renderer1] [warning] [File Watcher (chokidar)] Error: Circular symlink detected: "/home/fivezerotwo/.wine/dosdevices/z:/proc/26655/cwd" points to "/home/fivezerotwo"
[2021-02-17 02:58:04.506] [renderer1] [warning] [File Watcher (chokidar)] Error: Circular symlink detected: "/home/fivezerotwo/.wine/dosdevices/z:/proc/26496/cwd" points to "/home/fivezerotwo"
[2021-02-17 02:58:04.508] [renderer1] [warning] [File Watcher (chokidar)] Error: Circular symlink detected: "/home/fivezerotwo/.wine/dosdevices/z:/proc/26572/cwd" points to "/home/fivezerotwo"
[2021-02-17 02:58:04.510] [renderer1] [warning] [File Watcher (chokidar)] Error: Circular symlink detected: "/home/fivezerotwo/.wine/dosdevices/z:/proc/26631/cwd" points to "/home/fivezerotwo"
[2021-02-17 02:58:04.514] [renderer1] [warning] [File Watcher (chokidar)] Error: Circular symlink detected: "/home/fivezerotwo/.wine/dosdevices/z:/proc/5444/cwd" points to "/home/fivezerotwo"
[2021-02-17 02:58:04.515] [renderer1] [warning] [File Watcher (chokidar)] Error: Circular symlink detected: "/home/fivezerotwo/.wine/dosdevices/z:/proc/5451/cwd" points to "/home/fivezerotwo"
[2021-02-17 02:58:04.515] [renderer1] [warning] [File Watcher (chokidar)] Error: Circular symlink detected: "/home/fivezerotwo/.wine/dosdevices/z:/proc/5456/cwd" points to "/home/fivezerotwo"
[2021-02-17 02:58:37.597] [renderer1] [warning] [File Watcher (chokidar)] Error: Circular symlink detected: "/home/fivezerotwo/.wine/dosdevices/z:/proc/self/cwd" points to "/home/fivezerotwo"
[2021-02-17 02:58:46.382] [renderer1] [warning] [File Watcher (chokidar)] Error: Circular symlink detected: "/home/fivezerotwo/.wine/dosdevices/z:/proc/thread-self/cwd" points to "/home/fivezerotwo"
[2021-02-17 02:59:26.924] [renderer1] [error] Error: [File Watcher (chokidar)] Inotify limit reached (ENOSPC)
[2021-02-17 02:59:26.926] [renderer1] [error] [File Watcher (chokidar)] Inotify limit reached (ENOSPC)
[2021-02-17 03:52:08.287] [renderer1] [error] Cannot read property 'value' of undefined: TypeError: Cannot read property 'value' of undefined
	at SignatureHelpProvider.hoverToSignatureHelp (/home/fivezerotwo/.vscode-oss/extensions/rust-lang.rust-0.7.8/out/src/providers/signatureHelpProvider.js:75:41)
	at /home/fivezerotwo/.vscode-oss/extensions/rust-lang.rust-0.7.8/out/src/providers/signatureHelpProvider.js:15:105
[2021-02-17 03:52:19.551] [renderer1] [error] Cannot read property 'value' of undefined: TypeError: Cannot read property 'value' of undefined
	at SignatureHelpProvider.hoverToSignatureHelp (/home/fivezerotwo/.vscode-oss/extensions/rust-lang.rust-0.7.8/out/src/providers/signatureHelpProvider.js:75:41)
	at /home/fivezerotwo/.vscode-oss/extensions/rust-lang.rust-0.7.8/out/src/providers/signatureHelpProvider.js:15:105
[2021-02-17 03:52:35.651] [renderer1] [error] Cannot read property 'value' of undefined: TypeError: Cannot read property 'value' of undefined
	at SignatureHelpProvider.hoverToSignatureHelp (/home/fivezerotwo/.vscode-oss/extensions/rust-lang.rust-0.7.8/out/src/providers/signatureHelpProvider.js:75:41)
	at /home/fivezerotwo/.vscode-oss/extensions/rust-lang.rust-0.7.8/out/src/providers/signatureHelpProvider.js:15:105
[2021-02-17 03:53:04.406] [renderer1] [error] Cannot read property 'value' of undefined: TypeError: Cannot read property 'value' of undefined
	at SignatureHelpProvider.hoverToSignatureHelp (/home/fivezerotwo/.vscode-oss/extensions/rust-lang.rust-0.7.8/out/src/providers/signatureHelpProvider.js:75:41)
	at /home/fivezerotwo/.vscode-oss/extensions/rust-lang.rust-0.7.8/out/src/providers/signatureHelpProvider.js:15:105
[2021-02-17 03:53:15.759] [renderer1] [error] Cannot read property 'value' of undefined: TypeError: Cannot read property 'value' of undefined
	at SignatureHelpProvider.hoverToSignatureHelp (/home/fivezerotwo/.vscode-oss/extensions/rust-lang.rust-0.7.8/out/src/providers/signatureHelpProvider.js:75:41)
	at /home/fivezerotwo/.vscode-oss/extensions/rust-lang.rust-0.7.8/out/src/providers/signatureHelpProvider.js:15:105
[2021-02-17 03:53:29.685] [renderer1] [error] Cannot read property 'value' of undefined: TypeError: Cannot read property 'value' of undefined
	at SignatureHelpProvider.hoverToSignatureHelp (/home/fivezerotwo/.vscode-oss/extensions/rust-lang.rust-0.7.8/out/src/providers/signatureHelpProvider.js:75:41)
	at /home/fivezerotwo/.vscode-oss/extensions/rust-lang.rust-0.7.8/out/src/providers/signatureHelpProvider.js:15:105
[2021-02-17 03:53:53.387] [renderer1] [error] Cannot read property 'value' of undefined: TypeError: Cannot read property 'value' of undefined
	at SignatureHelpProvider.hoverToSignatureHelp (/home/fivezerotwo/.vscode-oss/extensions/rust-lang.rust-0.7.8/out/src/providers/signatureHelpProvider.js:75:41)
	at /home/fivezerotwo/.vscode-oss/extensions/rust-lang.rust-0.7.8/out/src/providers/signatureHelpProvider.js:15:105
[2021-02-17 03:54:06.080] [renderer1] [error] Cannot read property 'value' of undefined: TypeError: Cannot read property 'value' of undefined
	at SignatureHelpProvider.hoverToSignatureHelp (/home/fivezerotwo/.vscode-oss/extensions/rust-lang.rust-0.7.8/out/src/providers/signatureHelpProvider.js:75:41)
	at /home/fivezerotwo/.vscode-oss/extensions/rust-lang.rust-0.7.8/out/src/providers/signatureHelpProvider.js:20:130
