[2021-02-17 02:22:31.611] [renderer1] [error] [File Watcher (node.js)] Error: ENOENT: no such file or directory, stat '/home/fivezerotwo/.vscode'
[2021-02-17 02:22:34.063] [renderer1] [error] ENOENT: no such file or directory, open '/home/fivezerotwo/.config/Code - OSS/User/globalStorage/vscodevim.vim/.registers': Error: ENOENT: no such file or directory, open '/home/fivezerotwo/.config/Code - OSS/User/globalStorage/vscodevim.vim/.registers'
[2021-02-17 02:22:34.103] [renderer1] [error] [ms-python.python]: Proposed API is only available when running out of dev or with the following command line switch: --enable-proposed-api ms-python.python: Error: [ms-python.python]: Proposed API is only available when running out of dev or with the following command line switch: --enable-proposed-api ms-python.python
	at f (/usr/lib/code/out/vs/workbench/services/extensions/node/extensionHostProcess.js:86:59270)
	at Object.v [as checkProposedApiEnabled] (/usr/lib/code/out/vs/workbench/services/extensions/node/extensionHostProcess.js:86:59217)
	at Object.get activeNotebookEditor [as activeNotebookEditor] (/usr/lib/code/out/vs/workbench/services/extensions/node/extensionHostProcess.js:94:39089)
	at u.get activeNotebookEditor [as activeNotebookEditor] (/home/fivezerotwo/.vscode-oss/extensions/ms-python.python-2020.10.332292344/out/client/extension.js:56:1203223)
	at g.provideCodeLenses (/home/fivezerotwo/.vscode-oss/extensions/ms-python.python-2020.10.332292344/out/client/extension.js:56:229657)
	at l.provideCodeLenses (/usr/lib/code/out/vs/workbench/services/extensions/node/extensionHostProcess.js:86:138899)
	at /usr/lib/code/out/vs/workbench/services/extensions/node/extensionHostProcess.js:86:161293
	at we._withAdapter (/usr/lib/code/out/vs/workbench/services/extensions/node/extensionHostProcess.js:86:159898)
	at we.$provideCodeLenses (/usr/lib/code/out/vs/workbench/services/extensions/node/extensionHostProcess.js:86:161271)
	at p._doInvokeHandler (/usr/lib/code/out/vs/workbench/services/extensions/node/extensionHostProcess.js:89:10276)
	at p._invokeHandler (/usr/lib/code/out/vs/workbench/services/extensions/node/extensionHostProcess.js:89:9968)
	at p._receiveRequest (/usr/lib/code/out/vs/workbench/services/extensions/node/extensionHostProcess.js:89:8587)
	at p._receiveOneMessage (/usr/lib/code/out/vs/workbench/services/extensions/node/extensionHostProcess.js:89:7440)
	at /usr/lib/code/out/vs/workbench/services/extensions/node/extensionHostProcess.js:89:5568
	at v.fire (/usr/lib/code/out/vs/workbench/services/extensions/node/extensionHostProcess.js:55:1836)
	at d.fire (/usr/lib/code/out/vs/workbench/services/extensions/node/extensionHostProcess.js:63:15515)
	at /usr/lib/code/out/vs/workbench/services/extensions/node/extensionHostProcess.js:104:29104
	at v.fire (/usr/lib/code/out/vs/workbench/services/extensions/node/extensionHostProcess.js:55:1836)
	at d.fire (/usr/lib/code/out/vs/workbench/services/extensions/node/extensionHostProcess.js:63:15515)
	at t._receiveMessage (/usr/lib/code/out/vs/workbench/services/extensions/node/extensionHostProcess.js:63:20765)
	at /usr/lib/code/out/vs/workbench/services/extensions/node/extensionHostProcess.js:63:17659
	at v.fire (/usr/lib/code/out/vs/workbench/services/extensions/node/extensionHostProcess.js:55:1836)
	at u.acceptChunk (/usr/lib/code/out/vs/workbench/services/extensions/node/extensionHostProcess.js:63:12880)
	at /usr/lib/code/out/vs/workbench/services/extensions/node/extensionHostProcess.js:63:12228
	at Socket.m (/usr/lib/code/out/vs/workbench/services/extensions/node/extensionHostProcess.js:104:12375)
	at Socket.emit (events.js:315:20)
	at addChunk (_stream_readable.js:295:12)
	at readableAddChunk (_stream_readable.js:271:9)
	at Socket.Readable.push (_stream_readable.js:212:10)
	at Pipe.onStreamRead (internal/stream_base_commons.js:186:23)
[2021-02-17 02:22:45.915] [renderer1] [error] [File Watcher (node.js)] Error: ENOENT: no such file or directory, stat '/home/fivezerotwo/.vscode'
[2021-02-17 02:22:47.545] [renderer1] [error] ENOENT: no such file or directory, open '/home/fivezerotwo/.config/Code - OSS/User/globalStorage/vscodevim.vim/.registers': Error: ENOENT: no such file or directory, open '/home/fivezerotwo/.config/Code - OSS/User/globalStorage/vscodevim.vim/.registers'
[2021-02-17 02:22:49.756] [renderer1] [error] EACCES: permission denied, open '/usr/lib/code/extensions/php/package.json': Error: EACCES: permission denied, open '/usr/lib/code/extensions/php/package.json'
[2021-02-17 02:22:49.759] [renderer1] [error] EACCES: permission denied, open '/usr/lib/code/extensions/php-language-features/package.json': Error: EACCES: permission denied, open '/usr/lib/code/extensions/php-language-features/package.json'
[2021-02-17 02:23:18.438] [renderer1] [warning] [File Watcher (chokidar)] Error: Circular symlink detected: "/home/fivezerotwo/.wine/dosdevices/z:/proc/12256/cwd" points to "/home/fivezerotwo"
[2021-02-17 02:23:18.438] [renderer1] [warning] [File Watcher (chokidar)] Error: Circular symlink detected: "/home/fivezerotwo/.wine/dosdevices/z:/proc/12258/cwd" points to "/home/fivezerotwo"
[2021-02-17 02:23:18.438] [renderer1] [warning] [File Watcher (chokidar)] Error: Circular symlink detected: "/home/fivezerotwo/.wine/dosdevices/z:/proc/12259/cwd" points to "/home/fivezerotwo"
[2021-02-17 02:23:18.439] [renderer1] [warning] [File Watcher (chokidar)] Error: Circular symlink detected: "/home/fivezerotwo/.wine/dosdevices/z:/proc/12281/cwd" points to "/home/fivezerotwo"
[2021-02-17 02:23:18.439] [renderer1] [warning] [File Watcher (chokidar)] Error: Circular symlink detected: "/home/fivezerotwo/.wine/dosdevices/z:/proc/12288/cwd" points to "/home/fivezerotwo"
[2021-02-17 02:23:18.440] [renderer1] [warning] [File Watcher (chokidar)] Error: Circular symlink detected: "/home/fivezerotwo/.wine/dosdevices/z:/proc/12474/cwd" points to "/home/fivezerotwo"
[2021-02-17 02:23:18.440] [renderer1] [warning] [File Watcher (chokidar)] Error: Circular symlink detected: "/home/fivezerotwo/.wine/dosdevices/z:/proc/12786/cwd" points to "/home/fivezerotwo"
[2021-02-17 02:23:18.440] [renderer1] [warning] [File Watcher (chokidar)] Error: Circular symlink detected: "/home/fivezerotwo/.wine/dosdevices/z:/proc/12805/cwd" points to "/home/fivezerotwo"
[2021-02-17 02:23:18.441] [renderer1] [warning] [File Watcher (chokidar)] Error: Circular symlink detected: "/home/fivezerotwo/.wine/dosdevices/z:/proc/12839/cwd" points to "/home/fivezerotwo"
[2021-02-17 02:23:18.441] [renderer1] [warning] [File Watcher (chokidar)] Error: Circular symlink detected: "/home/fivezerotwo/.wine/dosdevices/z:/proc/12841/cwd" points to "/home/fivezerotwo"
[2021-02-17 02:23:18.442] [renderer1] [warning] [File Watcher (chokidar)] Error: Circular symlink detected: "/home/fivezerotwo/.wine/dosdevices/z:/proc/13114/cwd" points to "/home/fivezerotwo"
[2021-02-17 02:23:18.456] [renderer1] [warning] [File Watcher (chokidar)] Error: Circular symlink detected: "/home/fivezerotwo/.wine/dosdevices/z:/proc/2154/cwd" points to "/home/fivezerotwo"
[2021-02-17 02:23:18.456] [renderer1] [warning] [File Watcher (chokidar)] Error: Circular symlink detected: "/home/fivezerotwo/.wine/dosdevices/z:/proc/2158/cwd" points to "/home/fivezerotwo"
[2021-02-17 02:23:18.457] [renderer1] [warning] [File Watcher (chokidar)] Error: Circular symlink detected: "/home/fivezerotwo/.wine/dosdevices/z:/proc/2308/cwd" points to "/home/fivezerotwo"
[2021-02-17 02:23:18.457] [renderer1] [warning] [File Watcher (chokidar)] Error: Circular symlink detected: "/home/fivezerotwo/.wine/dosdevices/z:/proc/2364/cwd" points to "/home/fivezerotwo"
[2021-02-17 02:23:18.458] [renderer1] [warning] [File Watcher (chokidar)] Error: Circular symlink detected: "/home/fivezerotwo/.wine/dosdevices/z:/proc/2369/cwd" points to "/home/fivezerotwo"
[2021-02-17 02:23:18.458] [renderer1] [warning] [File Watcher (chokidar)] Error: Circular symlink detected: "/home/fivezerotwo/.wine/dosdevices/z:/proc/2407/cwd" points to "/home/fivezerotwo"
[2021-02-17 02:23:18.463] [renderer1] [warning] [File Watcher (chokidar)] Error: Circular symlink detected: "/home/fivezerotwo/.wine/dosdevices/z:/proc/2436/cwd" points to "/home/fivezerotwo"
[2021-02-17 02:23:18.464] [renderer1] [warning] [File Watcher (chokidar)] Error: Circular symlink detected: "/home/fivezerotwo/.wine/dosdevices/z:/proc/2538/cwd" points to "/home/fivezerotwo"
[2021-02-17 02:23:18.473] [renderer1] [warning] [File Watcher (chokidar)] Error: Circular symlink detected: "/home/fivezerotwo/.wine/dosdevices/z:/proc/5440/cwd" points to "/home/fivezerotwo"
[2021-02-17 02:23:18.474] [renderer1] [warning] [File Watcher (chokidar)] Error: Circular symlink detected: "/home/fivezerotwo/.wine/dosdevices/z:/proc/5444/cwd" points to "/home/fivezerotwo"
[2021-02-17 02:23:18.474] [renderer1] [warning] [File Watcher (chokidar)] Error: Circular symlink detected: "/home/fivezerotwo/.wine/dosdevices/z:/proc/5451/cwd" points to "/home/fivezerotwo"
[2021-02-17 02:23:18.475] [renderer1] [warning] [File Watcher (chokidar)] Error: Circular symlink detected: "/home/fivezerotwo/.wine/dosdevices/z:/proc/5456/cwd" points to "/home/fivezerotwo"
[2021-02-17 02:23:54.893] [renderer1] [warning] [File Watcher (chokidar)] Error: Circular symlink detected: "/home/fivezerotwo/.wine/dosdevices/z:/proc/self/cwd" points to "/home/fivezerotwo"
[2021-02-17 02:24:03.005] [renderer1] [warning] [File Watcher (chokidar)] Error: Circular symlink detected: "/home/fivezerotwo/.wine/dosdevices/z:/proc/thread-self/cwd" points to "/home/fivezerotwo"
[2021-02-17 02:24:35.393] [renderer1] [error] Error: [File Watcher (chokidar)] Inotify limit reached (ENOSPC)
[2021-02-17 02:24:35.395] [renderer1] [error] [File Watcher (chokidar)] Inotify limit reached (ENOSPC)
[2021-02-17 02:29:06.120] [renderer1] [error] EACCES: permission denied, open '/usr/lib/code/extensions/rust/package.json': Error: EACCES: permission denied, open '/usr/lib/code/extensions/rust/package.json'
[2021-02-17 02:43:10.482] [renderer1] [error] Command failed: rustup toolchain list
/bin/sh: line 1: rustup: command not found
: Error: Command failed: rustup toolchain list
/bin/sh: line 1: rustup: command not found

	at ChildProcess.exithandler (child_process.js:312:12)
	at ChildProcess.emit (events.js:315:20)
	at maybeClose (internal/child_process.js:1021:16)
	at Socket.<anonymous> (internal/child_process.js:443:11)
	at Socket.emit (events.js:315:20)
	at Pipe.<anonymous> (net.js:674:12)
[2021-02-17 02:45:00.694] [renderer1] [error] Language client is not ready yet: Error: Language client is not ready yet
	at LanguageClient.sendRequest (/home/fivezerotwo/.vscode-oss/extensions/rust-lang.rust-0.7.8/node_modules/vscode-languageclient/lib/client.js:1789:19)
	at /home/fivezerotwo/.vscode-oss/extensions/rust-lang.rust-0.7.8/out/src/providers/signatureHelpProvider.js:35:16
	at new Promise (<anonymous>)
	at SignatureHelpProvider.provideHover (/home/fivezerotwo/.vscode-oss/extensions/rust-lang.rust-0.7.8/out/src/providers/signatureHelpProvider.js:34:16)
	at SignatureHelpProvider.provideSignatureHelp (/home/fivezerotwo/.vscode-oss/extensions/rust-lang.rust-0.7.8/out/src/providers/signatureHelpProvider.js:15:25)
	at /usr/lib/code/out/vs/workbench/services/extensions/node/extensionHostProcess.js:86:153977
	at /usr/lib/code/out/vs/workbench/services/extensions/node/extensionHostProcess.js:55:8183
	at new Promise (<anonymous>)
	at Object.S [as asPromise] (/usr/lib/code/out/vs/workbench/services/extensions/node/extensionHostProcess.js:55:8155)
	at J.provideSignatureHelp (/usr/lib/code/out/vs/workbench/services/extensions/node/extensionHostProcess.js:86:153948)
	at /usr/lib/code/out/vs/workbench/services/extensions/node/extensionHostProcess.js:86:169857
	at we._withAdapter (/usr/lib/code/out/vs/workbench/services/extensions/node/extensionHostProcess.js:86:159898)
	at we.$provideSignatureHelp (/usr/lib/code/out/vs/workbench/services/extensions/node/extensionHostProcess.js:86:169833)
	at p._doInvokeHandler (/usr/lib/code/out/vs/workbench/services/extensions/node/extensionHostProcess.js:89:10276)
	at p._invokeHandler (/usr/lib/code/out/vs/workbench/services/extensions/node/extensionHostProcess.js:89:9968)
	at p._receiveRequest (/usr/lib/code/out/vs/workbench/services/extensions/node/extensionHostProcess.js:89:8587)
	at p._receiveOneMessage (/usr/lib/code/out/vs/workbench/services/extensions/node/extensionHostProcess.js:89:7440)
	at /usr/lib/code/out/vs/workbench/services/extensions/node/extensionHostProcess.js:89:5568
	at v.fire (/usr/lib/code/out/vs/workbench/services/extensions/node/extensionHostProcess.js:55:1836)
	at d.fire (/usr/lib/code/out/vs/workbench/services/extensions/node/extensionHostProcess.js:63:15515)
	at /usr/lib/code/out/vs/workbench/services/extensions/node/extensionHostProcess.js:104:29104
	at v.fire (/usr/lib/code/out/vs/workbench/services/extensions/node/extensionHostProcess.js:55:1836)
	at d.fire (/usr/lib/code/out/vs/workbench/services/extensions/node/extensionHostProcess.js:63:15515)
	at t._receiveMessage (/usr/lib/code/out/vs/workbench/services/extensions/node/extensionHostProcess.js:63:20765)
	at /usr/lib/code/out/vs/workbench/services/extensions/node/extensionHostProcess.js:63:17659
	at v.fire (/usr/lib/code/out/vs/workbench/services/extensions/node/extensionHostProcess.js:55:1836)
	at u.acceptChunk (/usr/lib/code/out/vs/workbench/services/extensions/node/extensionHostProcess.js:63:12880)
	at /usr/lib/code/out/vs/workbench/services/extensions/node/extensionHostProcess.js:63:12228
	at Socket.m (/usr/lib/code/out/vs/workbench/services/extensions/node/extensionHostProcess.js:104:12375)
	at Socket.emit (events.js:315:20)
	at addChunk (_stream_readable.js:295:12)
	at readableAddChunk (_stream_readable.js:271:9)
	at Socket.Readable.push (_stream_readable.js:212:10)
	at Pipe.onStreamRead (internal/stream_base_commons.js:186:23)
[2021-02-17 02:45:08.706] [renderer1] [error] Language client is not ready yet: Error: Language client is not ready yet
	at LanguageClient.sendRequest (/home/fivezerotwo/.vscode-oss/extensions/rust-lang.rust-0.7.8/node_modules/vscode-languageclient/lib/client.js:1789:19)
	at /home/fivezerotwo/.vscode-oss/extensions/rust-lang.rust-0.7.8/out/src/providers/signatureHelpProvider.js:35:16
	at new Promise (<anonymous>)
	at SignatureHelpProvider.provideHover (/home/fivezerotwo/.vscode-oss/extensions/rust-lang.rust-0.7.8/out/src/providers/signatureHelpProvider.js:34:16)
	at SignatureHelpProvider.provideSignatureHelp (/home/fivezerotwo/.vscode-oss/extensions/rust-lang.rust-0.7.8/out/src/providers/signatureHelpProvider.js:15:25)
	at /usr/lib/code/out/vs/workbench/services/extensions/node/extensionHostProcess.js:86:153977
	at /usr/lib/code/out/vs/workbench/services/extensions/node/extensionHostProcess.js:55:8183
	at new Promise (<anonymous>)
	at Object.S [as asPromise] (/usr/lib/code/out/vs/workbench/services/extensions/node/extensionHostProcess.js:55:8155)
	at J.provideSignatureHelp (/usr/lib/code/out/vs/workbench/services/extensions/node/extensionHostProcess.js:86:153948)
	at /usr/lib/code/out/vs/workbench/services/extensions/node/extensionHostProcess.js:86:169857
	at we._withAdapter (/usr/lib/code/out/vs/workbench/services/extensions/node/extensionHostProcess.js:86:159898)
	at we.$provideSignatureHelp (/usr/lib/code/out/vs/workbench/services/extensions/node/extensionHostProcess.js:86:169833)
	at p._doInvokeHandler (/usr/lib/code/out/vs/workbench/services/extensions/node/extensionHostProcess.js:89:10276)
	at p._invokeHandler (/usr/lib/code/out/vs/workbench/services/extensions/node/extensionHostProcess.js:89:9968)
	at p._receiveRequest (/usr/lib/code/out/vs/workbench/services/extensions/node/extensionHostProcess.js:89:8587)
	at p._receiveOneMessage (/usr/lib/code/out/vs/workbench/services/extensions/node/extensionHostProcess.js:89:7440)
	at /usr/lib/code/out/vs/workbench/services/extensions/node/extensionHostProcess.js:89:5568
	at v.fire (/usr/lib/code/out/vs/workbench/services/extensions/node/extensionHostProcess.js:55:1836)
	at d.fire (/usr/lib/code/out/vs/workbench/services/extensions/node/extensionHostProcess.js:63:15515)
	at /usr/lib/code/out/vs/workbench/services/extensions/node/extensionHostProcess.js:104:29104
	at v.fire (/usr/lib/code/out/vs/workbench/services/extensions/node/extensionHostProcess.js:55:1836)
	at d.fire (/usr/lib/code/out/vs/workbench/services/extensions/node/extensionHostProcess.js:63:15515)
	at t._receiveMessage (/usr/lib/code/out/vs/workbench/services/extensions/node/extensionHostProcess.js:63:20765)
	at /usr/lib/code/out/vs/workbench/services/extensions/node/extensionHostProcess.js:63:17659
	at v.fire (/usr/lib/code/out/vs/workbench/services/extensions/node/extensionHostProcess.js:55:1836)
	at u.acceptChunk (/usr/lib/code/out/vs/workbench/services/extensions/node/extensionHostProcess.js:63:12880)
	at /usr/lib/code/out/vs/workbench/services/extensions/node/extensionHostProcess.js:63:12228
	at Socket.m (/usr/lib/code/out/vs/workbench/services/extensions/node/extensionHostProcess.js:104:12375)
	at Socket.emit (events.js:315:20)
	at addChunk (_stream_readable.js:295:12)
	at readableAddChunk (_stream_readable.js:271:9)
	at Socket.Readable.push (_stream_readable.js:212:10)
	at Pipe.onStreamRead (internal/stream_base_commons.js:186:23)
[2021-02-17 02:55:47.254] [renderer1] [error] spawn xterm ENOENT: Error: spawn xterm ENOENT
    at Process.ChildProcess._handle.onexit (internal/child_process.js:267:19)
    at onErrorNT (internal/child_process.js:469:16)
    at processTicksAndRejections (internal/process/task_queues.js:84:21)
[2021-02-17 02:55:54.613] [renderer1] [error] spawn xterm ENOENT: Error: spawn xterm ENOENT
    at Process.ChildProcess._handle.onexit (internal/child_process.js:267:19)
    at onErrorNT (internal/child_process.js:469:16)
    at processTicksAndRejections (internal/process/task_queues.js:84:21)
