[2021-02-15 02:35:39.042] [exthost] [info] extension host started
[2021-02-15 02:35:39.111] [exthost] [info] ExtensionService#_doActivateExtension ms-python.python {"startup":false,"extensionId":{"value":"ms-python.python","_lower":"ms-python.python"},"activationEvent":"onLanguage:python"}
[2021-02-15 02:35:39.111] [exthost] [info] ExtensionService#loadCommonJSModule file:///home/fivezerotwo/.vscode-oss/extensions/ms-python.python-2020.10.332292344/out/client/extension
[2021-02-15 02:35:39.285] [exthost] [info] ExtensionService#_doActivateExtension vscode.debug-auto-launch {"startup":true,"extensionId":{"value":"vscode.debug-auto-launch","_lower":"vscode.debug-auto-launch"},"activationEvent":"*"}
[2021-02-15 02:35:39.285] [exthost] [info] ExtensionService#loadCommonJSModule file:///usr/lib/code/extensions/debug-auto-launch/dist/extension
[2021-02-15 02:35:39.294] [exthost] [info] ExtensionService#_doActivateExtension vscode.git {"startup":true,"extensionId":{"value":"vscode.github","_lower":"vscode.github"},"activationEvent":"*"}
[2021-02-15 02:35:39.294] [exthost] [info] ExtensionService#loadCommonJSModule file:///usr/lib/code/extensions/git/dist/main
[2021-02-15 02:35:39.312] [exthost] [info] ExtensionService#_doActivateExtension vscodevim.vim {"startup":true,"extensionId":{"value":"vscodevim.vim","_lower":"vscodevim.vim"},"activationEvent":"*"}
[2021-02-15 02:35:39.312] [exthost] [info] ExtensionService#loadCommonJSModule file:///home/fivezerotwo/.vscode-oss/extensions/vscodevim.vim-1.18.9/out/extension
[2021-02-15 02:35:39.699] [exthost] [info] ExtensionService#_doActivateExtension vscode.github {"startup":true,"extensionId":{"value":"vscode.github","_lower":"vscode.github"},"activationEvent":"*"}
[2021-02-15 02:35:39.700] [exthost] [info] ExtensionService#loadCommonJSModule file:///usr/lib/code/extensions/github/dist/extension.js
[2021-02-15 02:35:39.814] [exthost] [info] eager extensions activated
[2021-02-15 02:35:40.181] [exthost] [warning] [Decorations] CAPPING events from decorations provider vscode.git 320
[2021-02-15 02:35:40.423] [exthost] [info] ExtensionService#_doActivateExtension ms-vscode.js-debug {"startup":false,"extensionId":{"value":"ms-vscode.js-debug","_lower":"ms-vscode.js-debug"},"activationEvent":"onCommand:extension.js-debug.clearAutoAttachVariables"}
[2021-02-15 02:35:40.423] [exthost] [info] ExtensionService#loadCommonJSModule file:///usr/lib/code/extensions/ms-vscode.js-debug/src/extension.js
[2021-02-15 02:35:40.496] [exthost] [info] ExtensionService#_doActivateExtension vscode.emmet {"startup":false,"extensionId":{"value":"vscode.emmet","_lower":"vscode.emmet"},"activationEvent":"onStartupFinished"}
[2021-02-15 02:35:40.499] [exthost] [info] ExtensionService#loadCommonJSModule file:///usr/lib/code/extensions/emmet/dist/node/emmetNodeMain
[2021-02-15 02:35:40.505] [exthost] [info] ExtensionService#_doActivateExtension vscode.merge-conflict {"startup":false,"extensionId":{"value":"vscode.merge-conflict","_lower":"vscode.merge-conflict"},"activationEvent":"onStartupFinished"}
[2021-02-15 02:35:40.506] [exthost] [info] ExtensionService#loadCommonJSModule file:///usr/lib/code/extensions/merge-conflict/dist/mergeConflictMain
[2021-02-15 02:35:40.510] [exthost] [info] ExtensionService#_doActivateExtension vscode.testing-editor-contributions {"startup":false,"extensionId":{"value":"vscode.testing-editor-contributions","_lower":"vscode.testing-editor-contributions"},"activationEvent":"onStartupFinished"}
[2021-02-15 02:35:40.511] [exthost] [info] ExtensionService#loadCommonJSModule file:///usr/lib/code/extensions/testing-editor-contributions/dist/extension.js
[2021-02-15 02:35:41.990] [exthost] [error] [ms-python.python] provider FAILED
[2021-02-15 02:35:41.991] [exthost] [error] Error: [ms-python.python]: Proposed API is only available when running out of dev or with the following command line switch: --enable-proposed-api ms-python.python
	at f (/usr/lib/code/out/vs/workbench/services/extensions/node/extensionHostProcess.js:86:59270)
	at Object.v [as checkProposedApiEnabled] (/usr/lib/code/out/vs/workbench/services/extensions/node/extensionHostProcess.js:86:59217)
	at Object.get activeNotebookEditor [as activeNotebookEditor] (/usr/lib/code/out/vs/workbench/services/extensions/node/extensionHostProcess.js:94:39089)
	at u.get activeNotebookEditor [as activeNotebookEditor] (/home/fivezerotwo/.vscode-oss/extensions/ms-python.python-2020.10.332292344/out/client/extension.js:56:1203223)
	at g.provideCodeLenses (/home/fivezerotwo/.vscode-oss/extensions/ms-python.python-2020.10.332292344/out/client/extension.js:56:229657)
	at l.provideCodeLenses (/usr/lib/code/out/vs/workbench/services/extensions/node/extensionHostProcess.js:86:138899)
	at /usr/lib/code/out/vs/workbench/services/extensions/node/extensionHostProcess.js:86:161293
	at we._withAdapter (/usr/lib/code/out/vs/workbench/services/extensions/node/extensionHostProcess.js:86:159898)
	at we.$provideCodeLenses (/usr/lib/code/out/vs/workbench/services/extensions/node/extensionHostProcess.js:86:161271)
	at p._doInvokeHandler (/usr/lib/code/out/vs/workbench/services/extensions/node/extensionHostProcess.js:89:10276)
	at p._invokeHandler (/usr/lib/code/out/vs/workbench/services/extensions/node/extensionHostProcess.js:89:9968)
	at p._receiveRequest (/usr/lib/code/out/vs/workbench/services/extensions/node/extensionHostProcess.js:89:8587)
	at p._receiveOneMessage (/usr/lib/code/out/vs/workbench/services/extensions/node/extensionHostProcess.js:89:7440)
	at /usr/lib/code/out/vs/workbench/services/extensions/node/extensionHostProcess.js:89:5568
	at v.fire (/usr/lib/code/out/vs/workbench/services/extensions/node/extensionHostProcess.js:55:1836)
	at d.fire (/usr/lib/code/out/vs/workbench/services/extensions/node/extensionHostProcess.js:63:15515)
	at /usr/lib/code/out/vs/workbench/services/extensions/node/extensionHostProcess.js:104:29104
	at v.fire (/usr/lib/code/out/vs/workbench/services/extensions/node/extensionHostProcess.js:55:1836)
	at d.fire (/usr/lib/code/out/vs/workbench/services/extensions/node/extensionHostProcess.js:63:15515)
	at t._receiveMessage (/usr/lib/code/out/vs/workbench/services/extensions/node/extensionHostProcess.js:63:20765)
	at /usr/lib/code/out/vs/workbench/services/extensions/node/extensionHostProcess.js:63:17659
	at v.fire (/usr/lib/code/out/vs/workbench/services/extensions/node/extensionHostProcess.js:55:1836)
	at u.acceptChunk (/usr/lib/code/out/vs/workbench/services/extensions/node/extensionHostProcess.js:63:12880)
	at /usr/lib/code/out/vs/workbench/services/extensions/node/extensionHostProcess.js:63:12228
	at Socket.m (/usr/lib/code/out/vs/workbench/services/extensions/node/extensionHostProcess.js:104:12375)
	at Socket.emit (events.js:315:20)
	at addChunk (_stream_readable.js:295:12)
	at readableAddChunk (_stream_readable.js:271:9)
	at Socket.Readable.push (_stream_readable.js:212:10)
	at Pipe.onStreamRead (internal/stream_base_commons.js:186:23)
[2021-02-15 02:35:42.446] [exthost] [error] [ms-python.python] provider FAILED
[2021-02-15 02:35:42.446] [exthost] [error] Error: [ms-python.python]: Proposed API is only available when running out of dev or with the following command line switch: --enable-proposed-api ms-python.python
	at f (/usr/lib/code/out/vs/workbench/services/extensions/node/extensionHostProcess.js:86:59270)
	at Object.v [as checkProposedApiEnabled] (/usr/lib/code/out/vs/workbench/services/extensions/node/extensionHostProcess.js:86:59217)
	at Object.get activeNotebookEditor [as activeNotebookEditor] (/usr/lib/code/out/vs/workbench/services/extensions/node/extensionHostProcess.js:94:39089)
	at u.get activeNotebookEditor [as activeNotebookEditor] (/home/fivezerotwo/.vscode-oss/extensions/ms-python.python-2020.10.332292344/out/client/extension.js:56:1203223)
	at g.provideCodeLenses (/home/fivezerotwo/.vscode-oss/extensions/ms-python.python-2020.10.332292344/out/client/extension.js:56:229657)
	at l.provideCodeLenses (/usr/lib/code/out/vs/workbench/services/extensions/node/extensionHostProcess.js:86:138899)
	at /usr/lib/code/out/vs/workbench/services/extensions/node/extensionHostProcess.js:86:161293
	at we._withAdapter (/usr/lib/code/out/vs/workbench/services/extensions/node/extensionHostProcess.js:86:159898)
	at we.$provideCodeLenses (/usr/lib/code/out/vs/workbench/services/extensions/node/extensionHostProcess.js:86:161271)
	at p._doInvokeHandler (/usr/lib/code/out/vs/workbench/services/extensions/node/extensionHostProcess.js:89:10276)
	at p._invokeHandler (/usr/lib/code/out/vs/workbench/services/extensions/node/extensionHostProcess.js:89:9968)
	at p._receiveRequest (/usr/lib/code/out/vs/workbench/services/extensions/node/extensionHostProcess.js:89:8587)
	at p._receiveOneMessage (/usr/lib/code/out/vs/workbench/services/extensions/node/extensionHostProcess.js:89:7440)
	at /usr/lib/code/out/vs/workbench/services/extensions/node/extensionHostProcess.js:89:5568
	at v.fire (/usr/lib/code/out/vs/workbench/services/extensions/node/extensionHostProcess.js:55:1836)
	at d.fire (/usr/lib/code/out/vs/workbench/services/extensions/node/extensionHostProcess.js:63:15515)
	at /usr/lib/code/out/vs/workbench/services/extensions/node/extensionHostProcess.js:104:29104
	at v.fire (/usr/lib/code/out/vs/workbench/services/extensions/node/extensionHostProcess.js:55:1836)
	at d.fire (/usr/lib/code/out/vs/workbench/services/extensions/node/extensionHostProcess.js:63:15515)
	at t._receiveMessage (/usr/lib/code/out/vs/workbench/services/extensions/node/extensionHostProcess.js:63:20765)
	at /usr/lib/code/out/vs/workbench/services/extensions/node/extensionHostProcess.js:63:17659
	at v.fire (/usr/lib/code/out/vs/workbench/services/extensions/node/extensionHostProcess.js:55:1836)
	at u.acceptChunk (/usr/lib/code/out/vs/workbench/services/extensions/node/extensionHostProcess.js:63:12880)
	at /usr/lib/code/out/vs/workbench/services/extensions/node/extensionHostProcess.js:63:12228
	at Socket.m (/usr/lib/code/out/vs/workbench/services/extensions/node/extensionHostProcess.js:104:12375)
	at Socket.emit (events.js:315:20)
	at addChunk (_stream_readable.js:295:12)
	at readableAddChunk (_stream_readable.js:271:9)
	at Socket.Readable.push (_stream_readable.js:212:10)
	at Pipe.onStreamRead (internal/stream_base_commons.js:186:23)
[2021-02-15 02:35:43.029] [exthost] [error] [ms-python.python] provider FAILED
[2021-02-15 02:35:43.031] [exthost] [error] Error: [ms-python.python]: Proposed API is only available when running out of dev or with the following command line switch: --enable-proposed-api ms-python.python
	at f (/usr/lib/code/out/vs/workbench/services/extensions/node/extensionHostProcess.js:86:59270)
	at Object.v [as checkProposedApiEnabled] (/usr/lib/code/out/vs/workbench/services/extensions/node/extensionHostProcess.js:86:59217)
	at Object.get activeNotebookEditor [as activeNotebookEditor] (/usr/lib/code/out/vs/workbench/services/extensions/node/extensionHostProcess.js:94:39089)
	at u.get activeNotebookEditor [as activeNotebookEditor] (/home/fivezerotwo/.vscode-oss/extensions/ms-python.python-2020.10.332292344/out/client/extension.js:56:1203223)
	at g.provideCodeLenses (/home/fivezerotwo/.vscode-oss/extensions/ms-python.python-2020.10.332292344/out/client/extension.js:56:229657)
	at l.provideCodeLenses (/usr/lib/code/out/vs/workbench/services/extensions/node/extensionHostProcess.js:86:138899)
	at /usr/lib/code/out/vs/workbench/services/extensions/node/extensionHostProcess.js:86:161293
	at we._withAdapter (/usr/lib/code/out/vs/workbench/services/extensions/node/extensionHostProcess.js:86:159898)
	at we.$provideCodeLenses (/usr/lib/code/out/vs/workbench/services/extensions/node/extensionHostProcess.js:86:161271)
	at p._doInvokeHandler (/usr/lib/code/out/vs/workbench/services/extensions/node/extensionHostProcess.js:89:10276)
	at p._invokeHandler (/usr/lib/code/out/vs/workbench/services/extensions/node/extensionHostProcess.js:89:9968)
	at p._receiveRequest (/usr/lib/code/out/vs/workbench/services/extensions/node/extensionHostProcess.js:89:8587)
	at p._receiveOneMessage (/usr/lib/code/out/vs/workbench/services/extensions/node/extensionHostProcess.js:89:7440)
	at /usr/lib/code/out/vs/workbench/services/extensions/node/extensionHostProcess.js:89:5568
	at v.fire (/usr/lib/code/out/vs/workbench/services/extensions/node/extensionHostProcess.js:55:1836)
	at d.fire (/usr/lib/code/out/vs/workbench/services/extensions/node/extensionHostProcess.js:63:15515)
	at /usr/lib/code/out/vs/workbench/services/extensions/node/extensionHostProcess.js:104:29104
	at v.fire (/usr/lib/code/out/vs/workbench/services/extensions/node/extensionHostProcess.js:55:1836)
	at d.fire (/usr/lib/code/out/vs/workbench/services/extensions/node/extensionHostProcess.js:63:15515)
	at t._receiveMessage (/usr/lib/code/out/vs/workbench/services/extensions/node/extensionHostProcess.js:63:20765)
	at /usr/lib/code/out/vs/workbench/services/extensions/node/extensionHostProcess.js:63:17659
	at v.fire (/usr/lib/code/out/vs/workbench/services/extensions/node/extensionHostProcess.js:55:1836)
	at u.acceptChunk (/usr/lib/code/out/vs/workbench/services/extensions/node/extensionHostProcess.js:63:12880)
	at /usr/lib/code/out/vs/workbench/services/extensions/node/extensionHostProcess.js:63:12228
	at Socket.m (/usr/lib/code/out/vs/workbench/services/extensions/node/extensionHostProcess.js:104:12375)
	at Socket.emit (events.js:315:20)
	at addChunk (_stream_readable.js:295:12)
	at readableAddChunk (_stream_readable.js:271:9)
	at Socket.Readable.push (_stream_readable.js:212:10)
	at Pipe.onStreamRead (internal/stream_base_commons.js:186:23)
[2021-02-15 02:35:44.537] [exthost] [warning] [Decorations] CAPPING events from decorations provider vscode.git 322
[2021-02-15 02:35:49.659] [exthost] [warning] [Decorations] CAPPING events from decorations provider vscode.git 322
[2021-02-15 02:35:57.735] [exthost] [warning] [Decorations] CAPPING events from decorations provider vscode.git 322
[2021-02-15 02:36:53.644] [exthost] [warning] [Decorations] CAPPING events from decorations provider vscode.git 322
[2021-02-15 02:36:53.895] [exthost] [error] [ms-python.python] provider FAILED
[2021-02-15 02:36:53.895] [exthost] [error] Error: [ms-python.python]: Proposed API is only available when running out of dev or with the following command line switch: --enable-proposed-api ms-python.python
	at f (/usr/lib/code/out/vs/workbench/services/extensions/node/extensionHostProcess.js:86:59270)
	at Object.v [as checkProposedApiEnabled] (/usr/lib/code/out/vs/workbench/services/extensions/node/extensionHostProcess.js:86:59217)
	at Object.get activeNotebookEditor [as activeNotebookEditor] (/usr/lib/code/out/vs/workbench/services/extensions/node/extensionHostProcess.js:94:39089)
	at u.get activeNotebookEditor [as activeNotebookEditor] (/home/fivezerotwo/.vscode-oss/extensions/ms-python.python-2020.10.332292344/out/client/extension.js:56:1203223)
	at g.provideCodeLenses (/home/fivezerotwo/.vscode-oss/extensions/ms-python.python-2020.10.332292344/out/client/extension.js:56:229657)
	at l.provideCodeLenses (/usr/lib/code/out/vs/workbench/services/extensions/node/extensionHostProcess.js:86:138899)
	at /usr/lib/code/out/vs/workbench/services/extensions/node/extensionHostProcess.js:86:161293
	at we._withAdapter (/usr/lib/code/out/vs/workbench/services/extensions/node/extensionHostProcess.js:86:159898)
	at we.$provideCodeLenses (/usr/lib/code/out/vs/workbench/services/extensions/node/extensionHostProcess.js:86:161271)
	at p._doInvokeHandler (/usr/lib/code/out/vs/workbench/services/extensions/node/extensionHostProcess.js:89:10276)
	at p._invokeHandler (/usr/lib/code/out/vs/workbench/services/extensions/node/extensionHostProcess.js:89:9968)
	at p._receiveRequest (/usr/lib/code/out/vs/workbench/services/extensions/node/extensionHostProcess.js:89:8587)
	at p._receiveOneMessage (/usr/lib/code/out/vs/workbench/services/extensions/node/extensionHostProcess.js:89:7440)
	at /usr/lib/code/out/vs/workbench/services/extensions/node/extensionHostProcess.js:89:5568
	at v.fire (/usr/lib/code/out/vs/workbench/services/extensions/node/extensionHostProcess.js:55:1836)
	at d.fire (/usr/lib/code/out/vs/workbench/services/extensions/node/extensionHostProcess.js:63:15515)
	at /usr/lib/code/out/vs/workbench/services/extensions/node/extensionHostProcess.js:104:29104
	at v.fire (/usr/lib/code/out/vs/workbench/services/extensions/node/extensionHostProcess.js:55:1836)
	at d.fire (/usr/lib/code/out/vs/workbench/services/extensions/node/extensionHostProcess.js:63:15515)
	at t._receiveMessage (/usr/lib/code/out/vs/workbench/services/extensions/node/extensionHostProcess.js:63:20765)
	at /usr/lib/code/out/vs/workbench/services/extensions/node/extensionHostProcess.js:63:17659
	at v.fire (/usr/lib/code/out/vs/workbench/services/extensions/node/extensionHostProcess.js:55:1836)
	at u.acceptChunk (/usr/lib/code/out/vs/workbench/services/extensions/node/extensionHostProcess.js:63:12880)
	at /usr/lib/code/out/vs/workbench/services/extensions/node/extensionHostProcess.js:63:12228
	at Socket.m (/usr/lib/code/out/vs/workbench/services/extensions/node/extensionHostProcess.js:104:12375)
	at Socket.emit (events.js:315:20)
	at addChunk (_stream_readable.js:295:12)
	at readableAddChunk (_stream_readable.js:271:9)
	at Socket.Readable.push (_stream_readable.js:212:10)
	at Pipe.onStreamRead (internal/stream_base_commons.js:186:23)
[2021-02-15 02:36:54.287] [exthost] [error] [ms-python.python] provider FAILED
[2021-02-15 02:36:54.287] [exthost] [error] Error: [ms-python.python]: Proposed API is only available when running out of dev or with the following command line switch: --enable-proposed-api ms-python.python
	at f (/usr/lib/code/out/vs/workbench/services/extensions/node/extensionHostProcess.js:86:59270)
	at Object.v [as checkProposedApiEnabled] (/usr/lib/code/out/vs/workbench/services/extensions/node/extensionHostProcess.js:86:59217)
	at Object.get activeNotebookEditor [as activeNotebookEditor] (/usr/lib/code/out/vs/workbench/services/extensions/node/extensionHostProcess.js:94:39089)
	at u.get activeNotebookEditor [as activeNotebookEditor] (/home/fivezerotwo/.vscode-oss/extensions/ms-python.python-2020.10.332292344/out/client/extension.js:56:1203223)
	at g.provideCodeLenses (/home/fivezerotwo/.vscode-oss/extensions/ms-python.python-2020.10.332292344/out/client/extension.js:56:229657)
	at l.provideCodeLenses (/usr/lib/code/out/vs/workbench/services/extensions/node/extensionHostProcess.js:86:138899)
	at /usr/lib/code/out/vs/workbench/services/extensions/node/extensionHostProcess.js:86:161293
	at we._withAdapter (/usr/lib/code/out/vs/workbench/services/extensions/node/extensionHostProcess.js:86:159898)
	at we.$provideCodeLenses (/usr/lib/code/out/vs/workbench/services/extensions/node/extensionHostProcess.js:86:161271)
	at p._doInvokeHandler (/usr/lib/code/out/vs/workbench/services/extensions/node/extensionHostProcess.js:89:10276)
	at p._invokeHandler (/usr/lib/code/out/vs/workbench/services/extensions/node/extensionHostProcess.js:89:9968)
	at p._receiveRequest (/usr/lib/code/out/vs/workbench/services/extensions/node/extensionHostProcess.js:89:8587)
	at p._receiveOneMessage (/usr/lib/code/out/vs/workbench/services/extensions/node/extensionHostProcess.js:89:7440)
	at /usr/lib/code/out/vs/workbench/services/extensions/node/extensionHostProcess.js:89:5568
	at v.fire (/usr/lib/code/out/vs/workbench/services/extensions/node/extensionHostProcess.js:55:1836)
	at d.fire (/usr/lib/code/out/vs/workbench/services/extensions/node/extensionHostProcess.js:63:15515)
	at /usr/lib/code/out/vs/workbench/services/extensions/node/extensionHostProcess.js:104:29104
	at v.fire (/usr/lib/code/out/vs/workbench/services/extensions/node/extensionHostProcess.js:55:1836)
	at d.fire (/usr/lib/code/out/vs/workbench/services/extensions/node/extensionHostProcess.js:63:15515)
	at t._receiveMessage (/usr/lib/code/out/vs/workbench/services/extensions/node/extensionHostProcess.js:63:20765)
	at /usr/lib/code/out/vs/workbench/services/extensions/node/extensionHostProcess.js:63:17659
	at v.fire (/usr/lib/code/out/vs/workbench/services/extensions/node/extensionHostProcess.js:55:1836)
	at u.acceptChunk (/usr/lib/code/out/vs/workbench/services/extensions/node/extensionHostProcess.js:63:12880)
	at /usr/lib/code/out/vs/workbench/services/extensions/node/extensionHostProcess.js:63:12228
	at Socket.m (/usr/lib/code/out/vs/workbench/services/extensions/node/extensionHostProcess.js:104:12375)
	at Socket.emit (events.js:315:20)
	at addChunk (_stream_readable.js:295:12)
	at readableAddChunk (_stream_readable.js:271:9)
	at Socket.Readable.push (_stream_readable.js:212:10)
	at Pipe.onStreamRead (internal/stream_base_commons.js:186:23)
[2021-02-15 02:36:58.744] [exthost] [warning] [Decorations] CAPPING events from decorations provider vscode.git 322
[2021-02-15 02:37:03.845] [exthost] [warning] [Decorations] CAPPING events from decorations provider vscode.git 322
[2021-02-15 02:37:08.953] [exthost] [warning] [Decorations] CAPPING events from decorations provider vscode.git 322
[2021-02-15 02:37:16.732] [exthost] [warning] [Decorations] CAPPING events from decorations provider vscode.git 322
[2021-02-15 02:37:21.882] [exthost] [warning] [Decorations] CAPPING events from decorations provider vscode.git 322
[2021-02-15 02:37:27.008] [exthost] [warning] [Decorations] CAPPING events from decorations provider vscode.git 322
[2021-02-15 02:37:32.096] [exthost] [warning] [Decorations] CAPPING events from decorations provider vscode.git 322
[2021-02-15 02:37:37.186] [exthost] [warning] [Decorations] CAPPING events from decorations provider vscode.git 322
[2021-02-15 02:37:38.708] [exthost] [error] [ms-python.python] provider FAILED
[2021-02-15 02:37:38.708] [exthost] [error] Error: [ms-python.python]: Proposed API is only available when running out of dev or with the following command line switch: --enable-proposed-api ms-python.python
	at f (/usr/lib/code/out/vs/workbench/services/extensions/node/extensionHostProcess.js:86:59270)
	at Object.v [as checkProposedApiEnabled] (/usr/lib/code/out/vs/workbench/services/extensions/node/extensionHostProcess.js:86:59217)
	at Object.get activeNotebookEditor [as activeNotebookEditor] (/usr/lib/code/out/vs/workbench/services/extensions/node/extensionHostProcess.js:94:39089)
	at u.get activeNotebookEditor [as activeNotebookEditor] (/home/fivezerotwo/.vscode-oss/extensions/ms-python.python-2020.10.332292344/out/client/extension.js:56:1203223)
	at g.provideCodeLenses (/home/fivezerotwo/.vscode-oss/extensions/ms-python.python-2020.10.332292344/out/client/extension.js:56:229657)
	at l.provideCodeLenses (/usr/lib/code/out/vs/workbench/services/extensions/node/extensionHostProcess.js:86:138899)
	at /usr/lib/code/out/vs/workbench/services/extensions/node/extensionHostProcess.js:86:161293
	at we._withAdapter (/usr/lib/code/out/vs/workbench/services/extensions/node/extensionHostProcess.js:86:159898)
	at we.$provideCodeLenses (/usr/lib/code/out/vs/workbench/services/extensions/node/extensionHostProcess.js:86:161271)
	at p._doInvokeHandler (/usr/lib/code/out/vs/workbench/services/extensions/node/extensionHostProcess.js:89:10276)
	at p._invokeHandler (/usr/lib/code/out/vs/workbench/services/extensions/node/extensionHostProcess.js:89:9968)
	at p._receiveRequest (/usr/lib/code/out/vs/workbench/services/extensions/node/extensionHostProcess.js:89:8587)
	at p._receiveOneMessage (/usr/lib/code/out/vs/workbench/services/extensions/node/extensionHostProcess.js:89:7440)
	at /usr/lib/code/out/vs/workbench/services/extensions/node/extensionHostProcess.js:89:5568
	at v.fire (/usr/lib/code/out/vs/workbench/services/extensions/node/extensionHostProcess.js:55:1836)
	at d.fire (/usr/lib/code/out/vs/workbench/services/extensions/node/extensionHostProcess.js:63:15515)
	at /usr/lib/code/out/vs/workbench/services/extensions/node/extensionHostProcess.js:104:29104
	at v.fire (/usr/lib/code/out/vs/workbench/services/extensions/node/extensionHostProcess.js:55:1836)
	at d.fire (/usr/lib/code/out/vs/workbench/services/extensions/node/extensionHostProcess.js:63:15515)
	at t._receiveMessage (/usr/lib/code/out/vs/workbench/services/extensions/node/extensionHostProcess.js:63:20765)
	at /usr/lib/code/out/vs/workbench/services/extensions/node/extensionHostProcess.js:63:17659
	at v.fire (/usr/lib/code/out/vs/workbench/services/extensions/node/extensionHostProcess.js:55:1836)
	at u.acceptChunk (/usr/lib/code/out/vs/workbench/services/extensions/node/extensionHostProcess.js:63:12880)
	at /usr/lib/code/out/vs/workbench/services/extensions/node/extensionHostProcess.js:63:12228
	at Socket.m (/usr/lib/code/out/vs/workbench/services/extensions/node/extensionHostProcess.js:104:12375)
	at Socket.emit (events.js:315:20)
	at addChunk (_stream_readable.js:295:12)
	at readableAddChunk (_stream_readable.js:271:9)
	at Socket.Readable.push (_stream_readable.js:212:10)
	at Pipe.onStreamRead (internal/stream_base_commons.js:186:23)
[2021-02-15 02:37:39.470] [exthost] [info] extension host terminating: received terminate message from renderer
[2021-02-15 02:37:40.536] [exthost] [info] exiting with code 0
