[2021-02-15 02:35:38.855] [renderer1] [error] [File Watcher (node.js)] Error: ENOENT: no such file or directory, stat '/home/fivezerotwo/.vscode'
[2021-02-15 02:35:41.799] [renderer1] [error] ENOENT: no such file or directory, open '/home/fivezerotwo/.config/Code - OSS/User/globalStorage/vscodevim.vim/.registers': Error: ENOENT: no such file or directory, open '/home/fivezerotwo/.config/Code - OSS/User/globalStorage/vscodevim.vim/.registers'
[2021-02-15 02:35:42.203] [renderer1] [error] [ms-python.python]: Proposed API is only available when running out of dev or with the following command line switch: --enable-proposed-api ms-python.python: Error: [ms-python.python]: Proposed API is only available when running out of dev or with the following command line switch: --enable-proposed-api ms-python.python
	at f (/usr/lib/code/out/vs/workbench/services/extensions/node/extensionHostProcess.js:86:59270)
	at Object.v [as checkProposedApiEnabled] (/usr/lib/code/out/vs/workbench/services/extensions/node/extensionHostProcess.js:86:59217)
	at Object.get activeNotebookEditor [as activeNotebookEditor] (/usr/lib/code/out/vs/workbench/services/extensions/node/extensionHostProcess.js:94:39089)
	at u.get activeNotebookEditor [as activeNotebookEditor] (/home/fivezerotwo/.vscode-oss/extensions/ms-python.python-2020.10.332292344/out/client/extension.js:56:1203223)
	at g.provideCodeLenses (/home/fivezerotwo/.vscode-oss/extensions/ms-python.python-2020.10.332292344/out/client/extension.js:56:229657)
	at l.provideCodeLenses (/usr/lib/code/out/vs/workbench/services/extensions/node/extensionHostProcess.js:86:138899)
	at /usr/lib/code/out/vs/workbench/services/extensions/node/extensionHostProcess.js:86:161293
	at we._withAdapter (/usr/lib/code/out/vs/workbench/services/extensions/node/extensionHostProcess.js:86:159898)
	at we.$provideCodeLenses (/usr/lib/code/out/vs/workbench/services/extensions/node/extensionHostProcess.js:86:161271)
	at p._doInvokeHandler (/usr/lib/code/out/vs/workbench/services/extensions/node/extensionHostProcess.js:89:10276)
	at p._invokeHandler (/usr/lib/code/out/vs/workbench/services/extensions/node/extensionHostProcess.js:89:9968)
	at p._receiveRequest (/usr/lib/code/out/vs/workbench/services/extensions/node/extensionHostProcess.js:89:8587)
	at p._receiveOneMessage (/usr/lib/code/out/vs/workbench/services/extensions/node/extensionHostProcess.js:89:7440)
	at /usr/lib/code/out/vs/workbench/services/extensions/node/extensionHostProcess.js:89:5568
	at v.fire (/usr/lib/code/out/vs/workbench/services/extensions/node/extensionHostProcess.js:55:1836)
	at d.fire (/usr/lib/code/out/vs/workbench/services/extensions/node/extensionHostProcess.js:63:15515)
	at /usr/lib/code/out/vs/workbench/services/extensions/node/extensionHostProcess.js:104:29104
	at v.fire (/usr/lib/code/out/vs/workbench/services/extensions/node/extensionHostProcess.js:55:1836)
	at d.fire (/usr/lib/code/out/vs/workbench/services/extensions/node/extensionHostProcess.js:63:15515)
	at t._receiveMessage (/usr/lib/code/out/vs/workbench/services/extensions/node/extensionHostProcess.js:63:20765)
	at /usr/lib/code/out/vs/workbench/services/extensions/node/extensionHostProcess.js:63:17659
	at v.fire (/usr/lib/code/out/vs/workbench/services/extensions/node/extensionHostProcess.js:55:1836)
	at u.acceptChunk (/usr/lib/code/out/vs/workbench/services/extensions/node/extensionHostProcess.js:63:12880)
	at /usr/lib/code/out/vs/workbench/services/extensions/node/extensionHostProcess.js:63:12228
	at Socket.m (/usr/lib/code/out/vs/workbench/services/extensions/node/extensionHostProcess.js:104:12375)
	at Socket.emit (events.js:315:20)
	at addChunk (_stream_readable.js:295:12)
	at readableAddChunk (_stream_readable.js:271:9)
	at Socket.Readable.push (_stream_readable.js:212:10)
	at Pipe.onStreamRead (internal/stream_base_commons.js:186:23)
[2021-02-15 02:36:30.729] [renderer1] [warning] [File Watcher (chokidar)] Error: Circular symlink detected: "/home/fivezerotwo/.wine/dosdevices/z:/proc/14396/cwd" points to "/home/fivezerotwo"
[2021-02-15 02:36:30.756] [renderer1] [warning] [File Watcher (chokidar)] Error: Circular symlink detected: "/home/fivezerotwo/.wine/dosdevices/z:/proc/2138/cwd" points to "/home/fivezerotwo"
[2021-02-15 02:36:30.756] [renderer1] [warning] [File Watcher (chokidar)] Error: Circular symlink detected: "/home/fivezerotwo/.wine/dosdevices/z:/proc/2142/cwd" points to "/home/fivezerotwo"
[2021-02-15 02:36:30.757] [renderer1] [warning] [File Watcher (chokidar)] Error: Circular symlink detected: "/home/fivezerotwo/.wine/dosdevices/z:/proc/2265/cwd" points to "/home/fivezerotwo"
[2021-02-15 02:36:30.759] [renderer1] [warning] [File Watcher (chokidar)] Error: Circular symlink detected: "/home/fivezerotwo/.wine/dosdevices/z:/proc/2303/cwd" points to "/home/fivezerotwo"
[2021-02-15 02:36:30.760] [renderer1] [warning] [File Watcher (chokidar)] Error: Circular symlink detected: "/home/fivezerotwo/.wine/dosdevices/z:/proc/2308/cwd" points to "/home/fivezerotwo"
[2021-02-15 02:36:30.765] [renderer1] [warning] [File Watcher (chokidar)] Error: Circular symlink detected: "/home/fivezerotwo/.wine/dosdevices/z:/proc/2985/cwd" points to "/home/fivezerotwo"
[2021-02-15 02:36:30.769] [renderer1] [warning] [File Watcher (chokidar)] Error: Circular symlink detected: "/home/fivezerotwo/.wine/dosdevices/z:/proc/32950/cwd" points to "/home/fivezerotwo"
[2021-02-15 02:36:30.777] [renderer1] [warning] [File Watcher (chokidar)] Error: Circular symlink detected: "/home/fivezerotwo/.wine/dosdevices/z:/proc/32951/cwd" points to "/home/fivezerotwo"
[2021-02-15 02:36:30.777] [renderer1] [warning] [File Watcher (chokidar)] Error: Circular symlink detected: "/home/fivezerotwo/.wine/dosdevices/z:/proc/33067/cwd" points to "/home/fivezerotwo"
[2021-02-15 02:36:30.789] [renderer1] [warning] [File Watcher (chokidar)] Error: Circular symlink detected: "/home/fivezerotwo/.wine/dosdevices/z:/proc/33765/cwd" points to "/home/fivezerotwo"
[2021-02-15 02:36:30.789] [renderer1] [warning] [File Watcher (chokidar)] Error: Circular symlink detected: "/home/fivezerotwo/.wine/dosdevices/z:/proc/33766/cwd" points to "/home/fivezerotwo"
[2021-02-15 02:36:30.790] [renderer1] [warning] [File Watcher (chokidar)] Error: Circular symlink detected: "/home/fivezerotwo/.wine/dosdevices/z:/proc/33851/cwd" points to "/home/fivezerotwo"
[2021-02-15 02:36:30.791] [renderer1] [warning] [File Watcher (chokidar)] Error: Circular symlink detected: "/home/fivezerotwo/.wine/dosdevices/z:/proc/33863/cwd" points to "/home/fivezerotwo"
[2021-02-15 02:36:30.791] [renderer1] [warning] [File Watcher (chokidar)] Error: Circular symlink detected: "/home/fivezerotwo/.wine/dosdevices/z:/proc/33864/cwd" points to "/home/fivezerotwo"
[2021-02-15 02:36:30.791] [renderer1] [warning] [File Watcher (chokidar)] Error: Circular symlink detected: "/home/fivezerotwo/.wine/dosdevices/z:/proc/33886/cwd" points to "/home/fivezerotwo"
[2021-02-15 02:36:30.796] [renderer1] [warning] [File Watcher (chokidar)] Error: Circular symlink detected: "/home/fivezerotwo/.wine/dosdevices/z:/proc/33920/cwd" points to "/home/fivezerotwo"
[2021-02-15 02:36:30.797] [renderer1] [warning] [File Watcher (chokidar)] Error: Circular symlink detected: "/home/fivezerotwo/.wine/dosdevices/z:/proc/33947/cwd" points to "/home/fivezerotwo"
[2021-02-15 02:36:30.797] [renderer1] [warning] [File Watcher (chokidar)] Error: Circular symlink detected: "/home/fivezerotwo/.wine/dosdevices/z:/proc/33980/cwd" points to "/home/fivezerotwo"
[2021-02-15 02:36:30.798] [renderer1] [warning] [File Watcher (chokidar)] Error: Circular symlink detected: "/home/fivezerotwo/.wine/dosdevices/z:/proc/34031/cwd" points to "/home/fivezerotwo"
[2021-02-15 02:36:30.798] [renderer1] [warning] [File Watcher (chokidar)] Error: Circular symlink detected: "/home/fivezerotwo/.wine/dosdevices/z:/proc/34077/cwd" points to "/home/fivezerotwo"
[2021-02-15 02:36:30.798] [renderer1] [warning] [File Watcher (chokidar)] Error: Circular symlink detected: "/home/fivezerotwo/.wine/dosdevices/z:/proc/34083/cwd" points to "/home/fivezerotwo"
[2021-02-15 02:36:30.799] [renderer1] [warning] [File Watcher (chokidar)] Error: Circular symlink detected: "/home/fivezerotwo/.wine/dosdevices/z:/proc/34212/cwd" points to "/home/fivezerotwo"
[2021-02-15 02:36:30.799] [renderer1] [warning] [File Watcher (chokidar)] Error: Circular symlink detected: "/home/fivezerotwo/.wine/dosdevices/z:/proc/34225/cwd" points to "/home/fivezerotwo"
[2021-02-15 02:36:30.802] [renderer1] [warning] [File Watcher (chokidar)] Error: Circular symlink detected: "/home/fivezerotwo/.wine/dosdevices/z:/proc/34005/cwd" points to "/home/fivezerotwo"
[2021-02-15 02:36:30.802] [renderer1] [warning] [File Watcher (chokidar)] Error: Circular symlink detected: "/home/fivezerotwo/.wine/dosdevices/z:/proc/4174/cwd" points to "/home/fivezerotwo"
[2021-02-15 02:36:30.809] [renderer1] [warning] [File Watcher (chokidar)] Error: Circular symlink detected: "/home/fivezerotwo/.wine/dosdevices/z:/proc/4516/cwd" points to "/home/fivezerotwo"
[2021-02-15 02:36:30.811] [renderer1] [warning] [File Watcher (chokidar)] Error: Circular symlink detected: "/home/fivezerotwo/.wine/dosdevices/z:/proc/5489/cwd" points to "/home/fivezerotwo"
[2021-02-15 02:36:30.811] [renderer1] [warning] [File Watcher (chokidar)] Error: Circular symlink detected: "/home/fivezerotwo/.wine/dosdevices/z:/proc/5496/cwd" points to "/home/fivezerotwo"
[2021-02-15 02:36:30.812] [renderer1] [warning] [File Watcher (chokidar)] Error: Circular symlink detected: "/home/fivezerotwo/.wine/dosdevices/z:/proc/5501/cwd" points to "/home/fivezerotwo"
[2021-02-15 02:36:30.817] [renderer1] [warning] [File Watcher (chokidar)] Error: Circular symlink detected: "/home/fivezerotwo/.wine/dosdevices/z:/proc/33893/cwd" points to "/home/fivezerotwo"
[2021-02-15 02:36:53.906] [renderer1] [error] [ms-python.python]: Proposed API is only available when running out of dev or with the following command line switch: --enable-proposed-api ms-python.python: Error: [ms-python.python]: Proposed API is only available when running out of dev or with the following command line switch: --enable-proposed-api ms-python.python
	at f (/usr/lib/code/out/vs/workbench/services/extensions/node/extensionHostProcess.js:86:59270)
	at Object.v [as checkProposedApiEnabled] (/usr/lib/code/out/vs/workbench/services/extensions/node/extensionHostProcess.js:86:59217)
	at Object.get activeNotebookEditor [as activeNotebookEditor] (/usr/lib/code/out/vs/workbench/services/extensions/node/extensionHostProcess.js:94:39089)
	at u.get activeNotebookEditor [as activeNotebookEditor] (/home/fivezerotwo/.vscode-oss/extensions/ms-python.python-2020.10.332292344/out/client/extension.js:56:1203223)
	at g.provideCodeLenses (/home/fivezerotwo/.vscode-oss/extensions/ms-python.python-2020.10.332292344/out/client/extension.js:56:229657)
	at l.provideCodeLenses (/usr/lib/code/out/vs/workbench/services/extensions/node/extensionHostProcess.js:86:138899)
	at /usr/lib/code/out/vs/workbench/services/extensions/node/extensionHostProcess.js:86:161293
	at we._withAdapter (/usr/lib/code/out/vs/workbench/services/extensions/node/extensionHostProcess.js:86:159898)
	at we.$provideCodeLenses (/usr/lib/code/out/vs/workbench/services/extensions/node/extensionHostProcess.js:86:161271)
	at p._doInvokeHandler (/usr/lib/code/out/vs/workbench/services/extensions/node/extensionHostProcess.js:89:10276)
	at p._invokeHandler (/usr/lib/code/out/vs/workbench/services/extensions/node/extensionHostProcess.js:89:9968)
	at p._receiveRequest (/usr/lib/code/out/vs/workbench/services/extensions/node/extensionHostProcess.js:89:8587)
	at p._receiveOneMessage (/usr/lib/code/out/vs/workbench/services/extensions/node/extensionHostProcess.js:89:7440)
	at /usr/lib/code/out/vs/workbench/services/extensions/node/extensionHostProcess.js:89:5568
	at v.fire (/usr/lib/code/out/vs/workbench/services/extensions/node/extensionHostProcess.js:55:1836)
	at d.fire (/usr/lib/code/out/vs/workbench/services/extensions/node/extensionHostProcess.js:63:15515)
	at /usr/lib/code/out/vs/workbench/services/extensions/node/extensionHostProcess.js:104:29104
	at v.fire (/usr/lib/code/out/vs/workbench/services/extensions/node/extensionHostProcess.js:55:1836)
	at d.fire (/usr/lib/code/out/vs/workbench/services/extensions/node/extensionHostProcess.js:63:15515)
	at t._receiveMessage (/usr/lib/code/out/vs/workbench/services/extensions/node/extensionHostProcess.js:63:20765)
	at /usr/lib/code/out/vs/workbench/services/extensions/node/extensionHostProcess.js:63:17659
	at v.fire (/usr/lib/code/out/vs/workbench/services/extensions/node/extensionHostProcess.js:55:1836)
	at u.acceptChunk (/usr/lib/code/out/vs/workbench/services/extensions/node/extensionHostProcess.js:63:12880)
	at /usr/lib/code/out/vs/workbench/services/extensions/node/extensionHostProcess.js:63:12228
	at Socket.m (/usr/lib/code/out/vs/workbench/services/extensions/node/extensionHostProcess.js:104:12375)
	at Socket.emit (events.js:315:20)
	at addChunk (_stream_readable.js:295:12)
	at readableAddChunk (_stream_readable.js:271:9)
	at Socket.Readable.push (_stream_readable.js:212:10)
	at Pipe.onStreamRead (internal/stream_base_commons.js:186:23)
[2021-02-15 02:37:17.121] [renderer1] [warning] [File Watcher (chokidar)] Error: Circular symlink detected: "/home/fivezerotwo/.wine/dosdevices/z:/proc/self/cwd" points to "/home/fivezerotwo"
[2021-02-15 02:37:30.902] [renderer1] [warning] [File Watcher (chokidar)] Error: Circular symlink detected: "/home/fivezerotwo/.wine/dosdevices/z:/proc/thread-self/cwd" points to "/home/fivezerotwo"
[2021-02-15 02:37:38.709] [renderer1] [error] [ms-python.python]: Proposed API is only available when running out of dev or with the following command line switch: --enable-proposed-api ms-python.python: Error: [ms-python.python]: Proposed API is only available when running out of dev or with the following command line switch: --enable-proposed-api ms-python.python
	at f (/usr/lib/code/out/vs/workbench/services/extensions/node/extensionHostProcess.js:86:59270)
	at Object.v [as checkProposedApiEnabled] (/usr/lib/code/out/vs/workbench/services/extensions/node/extensionHostProcess.js:86:59217)
	at Object.get activeNotebookEditor [as activeNotebookEditor] (/usr/lib/code/out/vs/workbench/services/extensions/node/extensionHostProcess.js:94:39089)
	at u.get activeNotebookEditor [as activeNotebookEditor] (/home/fivezerotwo/.vscode-oss/extensions/ms-python.python-2020.10.332292344/out/client/extension.js:56:1203223)
	at g.provideCodeLenses (/home/fivezerotwo/.vscode-oss/extensions/ms-python.python-2020.10.332292344/out/client/extension.js:56:229657)
	at l.provideCodeLenses (/usr/lib/code/out/vs/workbench/services/extensions/node/extensionHostProcess.js:86:138899)
	at /usr/lib/code/out/vs/workbench/services/extensions/node/extensionHostProcess.js:86:161293
	at we._withAdapter (/usr/lib/code/out/vs/workbench/services/extensions/node/extensionHostProcess.js:86:159898)
	at we.$provideCodeLenses (/usr/lib/code/out/vs/workbench/services/extensions/node/extensionHostProcess.js:86:161271)
	at p._doInvokeHandler (/usr/lib/code/out/vs/workbench/services/extensions/node/extensionHostProcess.js:89:10276)
	at p._invokeHandler (/usr/lib/code/out/vs/workbench/services/extensions/node/extensionHostProcess.js:89:9968)
	at p._receiveRequest (/usr/lib/code/out/vs/workbench/services/extensions/node/extensionHostProcess.js:89:8587)
	at p._receiveOneMessage (/usr/lib/code/out/vs/workbench/services/extensions/node/extensionHostProcess.js:89:7440)
	at /usr/lib/code/out/vs/workbench/services/extensions/node/extensionHostProcess.js:89:5568
	at v.fire (/usr/lib/code/out/vs/workbench/services/extensions/node/extensionHostProcess.js:55:1836)
	at d.fire (/usr/lib/code/out/vs/workbench/services/extensions/node/extensionHostProcess.js:63:15515)
	at /usr/lib/code/out/vs/workbench/services/extensions/node/extensionHostProcess.js:104:29104
	at v.fire (/usr/lib/code/out/vs/workbench/services/extensions/node/extensionHostProcess.js:55:1836)
	at d.fire (/usr/lib/code/out/vs/workbench/services/extensions/node/extensionHostProcess.js:63:15515)
	at t._receiveMessage (/usr/lib/code/out/vs/workbench/services/extensions/node/extensionHostProcess.js:63:20765)
	at /usr/lib/code/out/vs/workbench/services/extensions/node/extensionHostProcess.js:63:17659
	at v.fire (/usr/lib/code/out/vs/workbench/services/extensions/node/extensionHostProcess.js:55:1836)
	at u.acceptChunk (/usr/lib/code/out/vs/workbench/services/extensions/node/extensionHostProcess.js:63:12880)
	at /usr/lib/code/out/vs/workbench/services/extensions/node/extensionHostProcess.js:63:12228
	at Socket.m (/usr/lib/code/out/vs/workbench/services/extensions/node/extensionHostProcess.js:104:12375)
	at Socket.emit (events.js:315:20)
	at addChunk (_stream_readable.js:295:12)
	at readableAddChunk (_stream_readable.js:271:9)
	at Socket.Readable.push (_stream_readable.js:212:10)
	at Pipe.onStreamRead (internal/stream_base_commons.js:186:23)
