[2021-02-28 02:35:03.878] [exthost] [info] extension host started
[2021-02-28 02:35:03.928] [exthost] [info] ExtensionService#_doActivateExtension vscode.debug-auto-launch {"startup":true,"extensionId":{"value":"vscode.debug-auto-launch","_lower":"vscode.debug-auto-launch"},"activationEvent":"*"}
[2021-02-28 02:35:03.928] [exthost] [info] ExtensionService#loadCommonJSModule file:///usr/lib/code/extensions/debug-auto-launch/dist/extension
[2021-02-28 02:35:03.934] [exthost] [info] ExtensionService#_doActivateExtension vscode.git {"startup":true,"extensionId":{"value":"vscode.github","_lower":"vscode.github"},"activationEvent":"*"}
[2021-02-28 02:35:03.934] [exthost] [info] ExtensionService#loadCommonJSModule file:///usr/lib/code/extensions/git/dist/main
[2021-02-28 02:35:03.985] [exthost] [info] ExtensionService#_doActivateExtension vscodevim.vim {"startup":true,"extensionId":{"value":"vscodevim.vim","_lower":"vscodevim.vim"},"activationEvent":"*"}
[2021-02-28 02:35:03.985] [exthost] [info] ExtensionService#loadCommonJSModule file:///home/fivezerotwo/.vscode-oss/extensions/vscodevim.vim-1.18.9/out/extension
[2021-02-28 02:35:04.232] [exthost] [info] ExtensionService#_doActivateExtension vscode.github {"startup":true,"extensionId":{"value":"vscode.github","_lower":"vscode.github"},"activationEvent":"*"}
[2021-02-28 02:35:04.232] [exthost] [info] ExtensionService#loadCommonJSModule file:///usr/lib/code/extensions/github/dist/extension.js
[2021-02-28 02:35:04.281] [exthost] [info] ExtensionService#_doActivateExtension ms-vscode.js-debug {"startup":false,"extensionId":{"value":"ms-vscode.js-debug","_lower":"ms-vscode.js-debug"},"activationEvent":"onCommand:extension.js-debug.clearAutoAttachVariables"}
[2021-02-28 02:35:04.281] [exthost] [info] ExtensionService#loadCommonJSModule file:///usr/lib/code/extensions/ms-vscode.js-debug/src/extension.js
[2021-02-28 02:35:04.446] [exthost] [info] eager extensions activated
[2021-02-28 02:35:04.459] [exthost] [info] ExtensionService#_doActivateExtension vscode.emmet {"startup":false,"extensionId":{"value":"vscode.emmet","_lower":"vscode.emmet"},"activationEvent":"onStartupFinished"}
[2021-02-28 02:35:04.459] [exthost] [info] ExtensionService#loadCommonJSModule file:///usr/lib/code/extensions/emmet/dist/node/emmetNodeMain
[2021-02-28 02:35:04.476] [exthost] [info] ExtensionService#_doActivateExtension vscode.merge-conflict {"startup":false,"extensionId":{"value":"vscode.merge-conflict","_lower":"vscode.merge-conflict"},"activationEvent":"onStartupFinished"}
[2021-02-28 02:35:04.477] [exthost] [info] ExtensionService#loadCommonJSModule file:///usr/lib/code/extensions/merge-conflict/dist/mergeConflictMain
[2021-02-28 02:35:04.480] [exthost] [info] ExtensionService#_doActivateExtension vscode.testing-editor-contributions {"startup":false,"extensionId":{"value":"vscode.testing-editor-contributions","_lower":"vscode.testing-editor-contributions"},"activationEvent":"onStartupFinished"}
[2021-02-28 02:35:04.480] [exthost] [info] ExtensionService#loadCommonJSModule file:///usr/lib/code/extensions/testing-editor-contributions/dist/extension.js
[2021-02-28 02:35:40.783] [exthost] [info] ExtensionService#_doActivateExtension vscode.configuration-editing {"startup":false,"extensionId":{"value":"vscode.configuration-editing","_lower":"vscode.configuration-editing"},"activationEvent":"onLanguage:jsonc"}
[2021-02-28 02:35:40.783] [exthost] [info] ExtensionService#loadCommonJSModule file:///usr/lib/code/extensions/configuration-editing/dist/configurationEditingMain
[2021-02-28 02:35:40.790] [exthost] [info] ExtensionService#_doActivateExtension vscode.json-language-features {"startup":false,"extensionId":{"value":"vscode.json-language-features","_lower":"vscode.json-language-features"},"activationEvent":"onLanguage:jsonc"}
[2021-02-28 02:35:40.791] [exthost] [info] ExtensionService#loadCommonJSModule file:///usr/lib/code/extensions/json-language-features/client/dist/node/jsonClientMain
[2021-02-28 02:35:40.905] [exthost] [info] ExtensionService#_doActivateExtension vscode.typescript-language-features {"startup":false,"extensionId":{"value":"vscode.typescript-language-features","_lower":"vscode.typescript-language-features"},"activationEvent":"onLanguage:jsonc"}
[2021-02-28 02:35:40.905] [exthost] [info] ExtensionService#loadCommonJSModule file:///usr/lib/code/extensions/typescript-language-features/dist/extension
[2021-02-28 02:36:15.559] [exthost] [info] extension host terminating: received terminate message from renderer
[2021-02-28 02:36:16.605] [exthost] [info] exiting with code 0
[2021-02-28 02:36:17.368] [exthost] [info] extension host started
[2021-02-28 02:36:17.388] [exthost] [info] ExtensionService#_doActivateExtension vscode.debug-auto-launch {"startup":true,"extensionId":{"value":"vscode.debug-auto-launch","_lower":"vscode.debug-auto-launch"},"activationEvent":"*"}
[2021-02-28 02:36:17.389] [exthost] [info] ExtensionService#loadCommonJSModule file:///usr/lib/code/extensions/debug-auto-launch/dist/extension
[2021-02-28 02:36:17.392] [exthost] [info] ExtensionService#_doActivateExtension vscode.git {"startup":true,"extensionId":{"value":"vscode.github","_lower":"vscode.github"},"activationEvent":"*"}
[2021-02-28 02:36:17.392] [exthost] [info] ExtensionService#loadCommonJSModule file:///usr/lib/code/extensions/git/dist/main
[2021-02-28 02:36:17.406] [exthost] [info] ExtensionService#_doActivateExtension vscodevim.vim {"startup":true,"extensionId":{"value":"vscodevim.vim","_lower":"vscodevim.vim"},"activationEvent":"*"}
[2021-02-28 02:36:17.406] [exthost] [info] ExtensionService#loadCommonJSModule file:///home/fivezerotwo/.vscode-oss/extensions/vscodevim.vim-1.18.9/out/extension
[2021-02-28 02:36:17.552] [exthost] [info] ExtensionService#_doActivateExtension vscode.github {"startup":true,"extensionId":{"value":"vscode.github","_lower":"vscode.github"},"activationEvent":"*"}
[2021-02-28 02:36:17.552] [exthost] [info] ExtensionService#loadCommonJSModule file:///usr/lib/code/extensions/github/dist/extension.js
[2021-02-28 02:36:17.555] [exthost] [info] ExtensionService#_doActivateExtension ms-vscode.js-debug {"startup":false,"extensionId":{"value":"ms-vscode.js-debug","_lower":"ms-vscode.js-debug"},"activationEvent":"onCommand:extension.js-debug.clearAutoAttachVariables"}
[2021-02-28 02:36:17.555] [exthost] [info] ExtensionService#loadCommonJSModule file:///usr/lib/code/extensions/ms-vscode.js-debug/src/extension.js
[2021-02-28 02:36:17.648] [exthost] [info] eager extensions activated
[2021-02-28 02:36:17.655] [exthost] [info] ExtensionService#_doActivateExtension vscode.emmet {"startup":false,"extensionId":{"value":"vscode.emmet","_lower":"vscode.emmet"},"activationEvent":"onStartupFinished"}
[2021-02-28 02:36:17.655] [exthost] [info] ExtensionService#loadCommonJSModule file:///usr/lib/code/extensions/emmet/dist/node/emmetNodeMain
[2021-02-28 02:36:17.664] [exthost] [info] ExtensionService#_doActivateExtension vscode.merge-conflict {"startup":false,"extensionId":{"value":"vscode.merge-conflict","_lower":"vscode.merge-conflict"},"activationEvent":"onStartupFinished"}
[2021-02-28 02:36:17.664] [exthost] [info] ExtensionService#loadCommonJSModule file:///usr/lib/code/extensions/merge-conflict/dist/mergeConflictMain
[2021-02-28 02:36:17.667] [exthost] [info] ExtensionService#_doActivateExtension vscode.testing-editor-contributions {"startup":false,"extensionId":{"value":"vscode.testing-editor-contributions","_lower":"vscode.testing-editor-contributions"},"activationEvent":"onStartupFinished"}
[2021-02-28 02:36:17.667] [exthost] [info] ExtensionService#loadCommonJSModule file:///usr/lib/code/extensions/testing-editor-contributions/dist/extension.js
[2021-02-28 02:36:41.130] [exthost] [info] ExtensionService#_doActivateExtension rust-lang.rust {"startup":false,"extensionId":{"value":"rust-lang.rust","_lower":"rust-lang.rust"},"activationEvent":"onLanguage:rust"}
[2021-02-28 02:36:41.131] [exthost] [info] ExtensionService#loadCommonJSModule file:///home/fivezerotwo/.vscode-oss/extensions/rust-lang.rust-0.7.8/out/src/extension.js
[2021-02-28 02:37:26.933] [exthost] [error] [rust-lang.rust] provider FAILED
[2021-02-28 02:37:26.933] [exthost] [error] TypeError: Cannot read property 'value' of undefined
	at SignatureHelpProvider.hoverToSignatureHelp (/home/fivezerotwo/.vscode-oss/extensions/rust-lang.rust-0.7.8/out/src/providers/signatureHelpProvider.js:75:41)
	at /home/fivezerotwo/.vscode-oss/extensions/rust-lang.rust-0.7.8/out/src/providers/signatureHelpProvider.js:15:105
[2021-02-28 02:38:46.096] [exthost] [info] ExtensionService#_doActivateExtension vscode.configuration-editing {"startup":false,"extensionId":{"value":"vscode.configuration-editing","_lower":"vscode.configuration-editing"},"activationEvent":"onLanguage:jsonc"}
[2021-02-28 02:38:46.096] [exthost] [info] ExtensionService#loadCommonJSModule file:///usr/lib/code/extensions/configuration-editing/dist/configurationEditingMain
[2021-02-28 02:38:46.099] [exthost] [info] ExtensionService#_doActivateExtension vscode.json-language-features {"startup":false,"extensionId":{"value":"vscode.json-language-features","_lower":"vscode.json-language-features"},"activationEvent":"onLanguage:jsonc"}
[2021-02-28 02:38:46.099] [exthost] [info] ExtensionService#loadCommonJSModule file:///usr/lib/code/extensions/json-language-features/client/dist/node/jsonClientMain
[2021-02-28 02:38:46.117] [exthost] [info] ExtensionService#_doActivateExtension vscode.typescript-language-features {"startup":false,"extensionId":{"value":"vscode.typescript-language-features","_lower":"vscode.typescript-language-features"},"activationEvent":"onLanguage:jsonc"}
[2021-02-28 02:38:46.117] [exthost] [info] ExtensionService#loadCommonJSModule file:///usr/lib/code/extensions/typescript-language-features/dist/extension
[2021-02-28 02:53:23.097] [exthost] [error] [rust-lang.rust] provider FAILED
[2021-02-28 02:53:23.098] [exthost] [error] TypeError: Cannot read property 'value' of undefined
	at SignatureHelpProvider.hoverToSignatureHelp (/home/fivezerotwo/.vscode-oss/extensions/rust-lang.rust-0.7.8/out/src/providers/signatureHelpProvider.js:75:41)
	at /home/fivezerotwo/.vscode-oss/extensions/rust-lang.rust-0.7.8/out/src/providers/signatureHelpProvider.js:15:105
[2021-02-28 02:53:23.102] [exthost] [error] [rust-lang.rust] provider FAILED
[2021-02-28 02:53:23.102] [exthost] [error] TypeError: Cannot read property 'value' of undefined
	at SignatureHelpProvider.hoverToSignatureHelp (/home/fivezerotwo/.vscode-oss/extensions/rust-lang.rust-0.7.8/out/src/providers/signatureHelpProvider.js:75:41)
	at /home/fivezerotwo/.vscode-oss/extensions/rust-lang.rust-0.7.8/out/src/providers/signatureHelpProvider.js:15:105
[2021-02-28 02:53:31.831] [exthost] [error] [rust-lang.rust] provider FAILED
[2021-02-28 02:53:31.831] [exthost] [error] TypeError: Cannot read property 'value' of undefined
	at SignatureHelpProvider.hoverToSignatureHelp (/home/fivezerotwo/.vscode-oss/extensions/rust-lang.rust-0.7.8/out/src/providers/signatureHelpProvider.js:75:41)
	at /home/fivezerotwo/.vscode-oss/extensions/rust-lang.rust-0.7.8/out/src/providers/signatureHelpProvider.js:15:105
[2021-02-28 02:53:31.847] [exthost] [error] [rust-lang.rust] provider FAILED
[2021-02-28 02:53:31.847] [exthost] [error] TypeError: Cannot read property 'value' of undefined
	at SignatureHelpProvider.hoverToSignatureHelp (/home/fivezerotwo/.vscode-oss/extensions/rust-lang.rust-0.7.8/out/src/providers/signatureHelpProvider.js:75:41)
	at /home/fivezerotwo/.vscode-oss/extensions/rust-lang.rust-0.7.8/out/src/providers/signatureHelpProvider.js:15:105
[2021-02-28 02:53:53.173] [exthost] [error] [rust-lang.rust] provider FAILED
[2021-02-28 02:53:53.173] [exthost] [error] TypeError: Cannot read property 'value' of undefined
	at SignatureHelpProvider.hoverToSignatureHelp (/home/fivezerotwo/.vscode-oss/extensions/rust-lang.rust-0.7.8/out/src/providers/signatureHelpProvider.js:75:41)
	at /home/fivezerotwo/.vscode-oss/extensions/rust-lang.rust-0.7.8/out/src/providers/signatureHelpProvider.js:15:105
[2021-02-28 02:53:53.176] [exthost] [error] [rust-lang.rust] provider FAILED
[2021-02-28 02:53:53.176] [exthost] [error] TypeError: Cannot read property 'value' of undefined
	at SignatureHelpProvider.hoverToSignatureHelp (/home/fivezerotwo/.vscode-oss/extensions/rust-lang.rust-0.7.8/out/src/providers/signatureHelpProvider.js:75:41)
	at /home/fivezerotwo/.vscode-oss/extensions/rust-lang.rust-0.7.8/out/src/providers/signatureHelpProvider.js:15:105
[2021-02-28 02:54:18.109] [exthost] [error] [rust-lang.rust] provider FAILED
[2021-02-28 02:54:18.110] [exthost] [error] TypeError: Cannot read property 'value' of undefined
	at SignatureHelpProvider.hoverToSignatureHelp (/home/fivezerotwo/.vscode-oss/extensions/rust-lang.rust-0.7.8/out/src/providers/signatureHelpProvider.js:75:41)
	at /home/fivezerotwo/.vscode-oss/extensions/rust-lang.rust-0.7.8/out/src/providers/signatureHelpProvider.js:15:105
[2021-02-28 02:54:18.114] [exthost] [error] [rust-lang.rust] provider FAILED
[2021-02-28 02:54:18.114] [exthost] [error] TypeError: Cannot read property 'value' of undefined
	at SignatureHelpProvider.hoverToSignatureHelp (/home/fivezerotwo/.vscode-oss/extensions/rust-lang.rust-0.7.8/out/src/providers/signatureHelpProvider.js:75:41)
	at /home/fivezerotwo/.vscode-oss/extensions/rust-lang.rust-0.7.8/out/src/providers/signatureHelpProvider.js:15:105
[2021-02-28 02:56:51.660] [exthost] [error] [rust-lang.rust] provider FAILED
[2021-02-28 02:56:51.660] [exthost] [error] TypeError: Cannot read property 'value' of undefined
	at SignatureHelpProvider.hoverToSignatureHelp (/home/fivezerotwo/.vscode-oss/extensions/rust-lang.rust-0.7.8/out/src/providers/signatureHelpProvider.js:75:41)
	at /home/fivezerotwo/.vscode-oss/extensions/rust-lang.rust-0.7.8/out/src/providers/signatureHelpProvider.js:15:105
[2021-02-28 02:56:51.662] [exthost] [error] [rust-lang.rust] provider FAILED
[2021-02-28 02:56:51.662] [exthost] [error] TypeError: Cannot read property 'value' of undefined
	at SignatureHelpProvider.hoverToSignatureHelp (/home/fivezerotwo/.vscode-oss/extensions/rust-lang.rust-0.7.8/out/src/providers/signatureHelpProvider.js:75:41)
	at /home/fivezerotwo/.vscode-oss/extensions/rust-lang.rust-0.7.8/out/src/providers/signatureHelpProvider.js:15:105
[2021-02-28 02:57:35.116] [exthost] [error] [rust-lang.rust] provider FAILED
[2021-02-28 02:57:35.116] [exthost] [error] TypeError: Cannot read property 'value' of undefined
	at SignatureHelpProvider.hoverToSignatureHelp (/home/fivezerotwo/.vscode-oss/extensions/rust-lang.rust-0.7.8/out/src/providers/signatureHelpProvider.js:75:41)
	at /home/fivezerotwo/.vscode-oss/extensions/rust-lang.rust-0.7.8/out/src/providers/signatureHelpProvider.js:15:105
[2021-02-28 02:57:35.119] [exthost] [error] [rust-lang.rust] provider FAILED
[2021-02-28 02:57:35.119] [exthost] [error] TypeError: Cannot read property 'value' of undefined
	at SignatureHelpProvider.hoverToSignatureHelp (/home/fivezerotwo/.vscode-oss/extensions/rust-lang.rust-0.7.8/out/src/providers/signatureHelpProvider.js:75:41)
	at /home/fivezerotwo/.vscode-oss/extensions/rust-lang.rust-0.7.8/out/src/providers/signatureHelpProvider.js:15:105
[2021-02-28 02:57:55.772] [exthost] [error] [rust-lang.rust] provider FAILED
[2021-02-28 02:57:55.772] [exthost] [error] TypeError: Cannot read property 'value' of undefined
	at SignatureHelpProvider.hoverToSignatureHelp (/home/fivezerotwo/.vscode-oss/extensions/rust-lang.rust-0.7.8/out/src/providers/signatureHelpProvider.js:75:41)
	at /home/fivezerotwo/.vscode-oss/extensions/rust-lang.rust-0.7.8/out/src/providers/signatureHelpProvider.js:20:130
[2021-02-28 02:57:55.775] [exthost] [error] [rust-lang.rust] provider FAILED
[2021-02-28 02:57:55.775] [exthost] [error] TypeError: Cannot read property 'value' of undefined
	at SignatureHelpProvider.hoverToSignatureHelp (/home/fivezerotwo/.vscode-oss/extensions/rust-lang.rust-0.7.8/out/src/providers/signatureHelpProvider.js:75:41)
	at /home/fivezerotwo/.vscode-oss/extensions/rust-lang.rust-0.7.8/out/src/providers/signatureHelpProvider.js:20:130
[2021-02-28 13:45:57.878] [exthost] [info] extension host terminating: received terminate message from renderer
[2021-02-28 13:45:58.896] [exthost] [info] exiting with code 0
