[2021-02-28 02:35:05.192] [renderer1] [error] ENOENT: no such file or directory, open '/home/fivezerotwo/.config/Code - OSS/User/globalStorage/vscodevim.vim/.registers': Error: ENOENT: no such file or directory, open '/home/fivezerotwo/.config/Code - OSS/User/globalStorage/vscodevim.vim/.registers'
[2021-02-28 02:35:18.414] [renderer1] [error] EACCES: permission denied, open '/usr/lib/code/extensions/rust/package.json': Error: EACCES: permission denied, open '/usr/lib/code/extensions/rust/package.json'
[2021-02-28 02:36:16.498] [renderer1] [error] [File Watcher (node.js)] Error: ENOENT: no such file or directory, stat '/home/fivezerotwo/rust/.vscode'
[2021-02-28 02:36:18.498] [renderer1] [error] ENOENT: no such file or directory, open '/home/fivezerotwo/.config/Code - OSS/User/globalStorage/vscodevim.vim/.registers': Error: ENOENT: no such file or directory, open '/home/fivezerotwo/.config/Code - OSS/User/globalStorage/vscodevim.vim/.registers'
[2021-02-28 02:37:26.934] [renderer1] [error] Cannot read property 'value' of undefined: TypeError: Cannot read property 'value' of undefined
	at SignatureHelpProvider.hoverToSignatureHelp (/home/fivezerotwo/.vscode-oss/extensions/rust-lang.rust-0.7.8/out/src/providers/signatureHelpProvider.js:75:41)
	at /home/fivezerotwo/.vscode-oss/extensions/rust-lang.rust-0.7.8/out/src/providers/signatureHelpProvider.js:15:105
[2021-02-28 02:53:23.099] [renderer1] [error] Cannot read property 'value' of undefined: TypeError: Cannot read property 'value' of undefined
	at SignatureHelpProvider.hoverToSignatureHelp (/home/fivezerotwo/.vscode-oss/extensions/rust-lang.rust-0.7.8/out/src/providers/signatureHelpProvider.js:75:41)
	at /home/fivezerotwo/.vscode-oss/extensions/rust-lang.rust-0.7.8/out/src/providers/signatureHelpProvider.js:15:105
[2021-02-28 02:53:31.832] [renderer1] [error] Cannot read property 'value' of undefined: TypeError: Cannot read property 'value' of undefined
	at SignatureHelpProvider.hoverToSignatureHelp (/home/fivezerotwo/.vscode-oss/extensions/rust-lang.rust-0.7.8/out/src/providers/signatureHelpProvider.js:75:41)
	at /home/fivezerotwo/.vscode-oss/extensions/rust-lang.rust-0.7.8/out/src/providers/signatureHelpProvider.js:15:105
[2021-02-28 02:53:53.174] [renderer1] [error] Cannot read property 'value' of undefined: TypeError: Cannot read property 'value' of undefined
	at SignatureHelpProvider.hoverToSignatureHelp (/home/fivezerotwo/.vscode-oss/extensions/rust-lang.rust-0.7.8/out/src/providers/signatureHelpProvider.js:75:41)
	at /home/fivezerotwo/.vscode-oss/extensions/rust-lang.rust-0.7.8/out/src/providers/signatureHelpProvider.js:15:105
[2021-02-28 02:54:18.110] [renderer1] [error] Cannot read property 'value' of undefined: TypeError: Cannot read property 'value' of undefined
	at SignatureHelpProvider.hoverToSignatureHelp (/home/fivezerotwo/.vscode-oss/extensions/rust-lang.rust-0.7.8/out/src/providers/signatureHelpProvider.js:75:41)
	at /home/fivezerotwo/.vscode-oss/extensions/rust-lang.rust-0.7.8/out/src/providers/signatureHelpProvider.js:15:105
[2021-02-28 02:56:51.661] [renderer1] [error] Cannot read property 'value' of undefined: TypeError: Cannot read property 'value' of undefined
	at SignatureHelpProvider.hoverToSignatureHelp (/home/fivezerotwo/.vscode-oss/extensions/rust-lang.rust-0.7.8/out/src/providers/signatureHelpProvider.js:75:41)
	at /home/fivezerotwo/.vscode-oss/extensions/rust-lang.rust-0.7.8/out/src/providers/signatureHelpProvider.js:15:105
[2021-02-28 02:57:35.116] [renderer1] [error] Cannot read property 'value' of undefined: TypeError: Cannot read property 'value' of undefined
	at SignatureHelpProvider.hoverToSignatureHelp (/home/fivezerotwo/.vscode-oss/extensions/rust-lang.rust-0.7.8/out/src/providers/signatureHelpProvider.js:75:41)
	at /home/fivezerotwo/.vscode-oss/extensions/rust-lang.rust-0.7.8/out/src/providers/signatureHelpProvider.js:15:105
[2021-02-28 02:57:55.773] [renderer1] [error] Cannot read property 'value' of undefined: TypeError: Cannot read property 'value' of undefined
	at SignatureHelpProvider.hoverToSignatureHelp (/home/fivezerotwo/.vscode-oss/extensions/rust-lang.rust-0.7.8/out/src/providers/signatureHelpProvider.js:75:41)
	at /home/fivezerotwo/.vscode-oss/extensions/rust-lang.rust-0.7.8/out/src/providers/signatureHelpProvider.js:20:130
